#
# A fatal error has been detected by the Java Runtime Environment:
#
#  SIGSEGV (0xb) at pc=0x000000012ec4f9e6, pid=43236, tid=10243
#
# JRE version: OpenJDK Runtime Environment AdoptOpenJDK (11.0.9.1+1) (build 11.0.9.1+1)
# Java VM: OpenJDK 64-Bit Server VM AdoptOpenJDK (11.0.9.1+1, mixed mode, tiered, compressed oops, g1 gc, bsd-amd64)
# Problematic frame:
# C  [libLLVM.dylib+0x1a59e6]  llvm::CallInst::Create(llvm::FunctionType*, llvm::Value*, llvm::ArrayRef<llvm::Value*>, llvm::ArrayRef<llvm::OperandBundleDefT<llvm::Value*> >, llvm::Twine const&, llvm::Instruction*)+0x96
#
# No core dump will be written. Core dumps have been disabled. To enable core dumping, try "ulimit -c unlimited" before starting Java again
#
# If you would like to submit a bug report, please visit:
#   https://github.com/AdoptOpenJDK/openjdk-support/issues
# The crash happened outside the Java Virtual Machine in native code.
# See problematic frame for where to report the bug.
#

---------------  S U M M A R Y ------------

Command Line: -Dfile.encoding=UTF-8 com.github.ahhoefel.llvm.HelloWorldLLVM

Host: MacBookPro16,1 x86_64 2600 MHz, 12 cores, 16G, Darwin 20.3.0
Time: Sat Mar 27 10:44:30 2021 PDT elapsed time: 0.241083 seconds (0d 0h 0m 0s)

---------------  T H R E A D  ---------------

Current thread (0x00007f9df4012000):  JavaThread "main" [_thread_in_native, id=10243, stack(0x00007000051a7000,0x00007000052a7000)]

Stack: [0x00007000051a7000,0x00007000052a7000],  sp=0x00007000052a67b0,  free space=1021k
Native frames: (J=compiled Java code, A=aot compiled Java code, j=interpreted, Vv=VM code, C=native code)
C  [libLLVM.dylib+0x1a59e6]  llvm::CallInst::Create(llvm::FunctionType*, llvm::Value*, llvm::ArrayRef<llvm::Value*>, llvm::ArrayRef<llvm::OperandBundleDefT<llvm::Value*> >, llvm::Twine const&, llvm::Instruction*)+0x96
C  [libLLVM.dylib+0x1a566b]  llvm::IRBuilder<llvm::ConstantFolder, llvm::IRBuilderDefaultInserter>::CreateCall(llvm::FunctionType*, llvm::Value*, llvm::ArrayRef<llvm::Value*>, llvm::Twine const&, llvm::MDNode*)+0x4b
C  [libLLVM.dylib+0x1e5aac]  LLVMBuildCall2+0x3c
C  [libjniLLVM.dylib+0x456f5]  Java_org_bytedeco_llvm_global_LLVM_LLVMBuildCall2__Lorg_bytedeco_llvm_LLVM_LLVMBuilderRef_2Lorg_bytedeco_llvm_LLVM_LLVMTypeRef_2Lorg_bytedeco_llvm_LLVM_LLVMValueRef_2Lorg_bytedeco_javacpp_PointerPointer_2ILjava_lang_String_2+0x115
j  org.bytedeco.llvm.global.LLVM.LLVMBuildCall2(Lorg/bytedeco/llvm/LLVM/LLVMBuilderRef;Lorg/bytedeco/llvm/LLVM/LLVMTypeRef;Lorg/bytedeco/llvm/LLVM/LLVMValueRef;Lorg/bytedeco/javacpp/PointerPointer;ILjava/lang/String;)Lorg/bytedeco/llvm/LLVM/LLVMValueRef;+0
j  com.github.ahhoefel.llvm.HelloWorldLLVM.main([Ljava/lang/String;)V+240
v  ~StubRoutines::call_stub
V  [libjvm.dylib+0x3b1880]  JavaCalls::call_helper(JavaValue*, methodHandle const&, JavaCallArguments*, Thread*)+0x21a
V  [libjvm.dylib+0x3f65ba]  jni_invoke_static(JNIEnv_*, JavaValue*, _jobject*, JNICallType, _jmethodID*, JNI_ArgumentPusher*, Thread*)+0x10a
V  [libjvm.dylib+0x3f9daa]  jni_CallStaticVoidMethod+0x1d2
C  [libjli.dylib+0x4b29]  JavaMain+0xab0
C  [libsystem_pthread.dylib+0x6950]  _pthread_start+0xe0
C  [libsystem_pthread.dylib+0x247b]  thread_start+0xf

Java frames: (J=compiled Java code, j=interpreted, Vv=VM code)
j  org.bytedeco.llvm.global.LLVM.LLVMBuildCall2(Lorg/bytedeco/llvm/LLVM/LLVMBuilderRef;Lorg/bytedeco/llvm/LLVM/LLVMTypeRef;Lorg/bytedeco/llvm/LLVM/LLVMValueRef;Lorg/bytedeco/javacpp/PointerPointer;ILjava/lang/String;)Lorg/bytedeco/llvm/LLVM/LLVMValueRef;+0
j  com.github.ahhoefel.llvm.HelloWorldLLVM.main([Ljava/lang/String;)V+240
v  ~StubRoutines::call_stub

siginfo: si_signo: 11 (SIGSEGV), si_code: 1 (SEGV_MAPERR), si_addr: 0x0000000000000000

Register to memory mapping:

RAX=0x0 is NULL
RBX=0x0 is NULL
RCX=0x00007f9df3d14c70 points into unknown readable memory: 62 61 6c 5f 4c 4c 56 4d
RDX=0x00007f9df3d00000 points into unknown readable memory: 00 00 00 00 00 00 00 00
RSP=0x00007000052a67b0 is pointing into the stack for thread: 0x00007f9df4012000
RBP=0x00007000052a6810 is pointing into the stack for thread: 0x00007f9df4012000
RSI=0x00007f9df3d14c70 points into unknown readable memory: 62 61 6c 5f 4c 4c 56 4d
RDI=0x00007f9df3d14c40 points into unknown readable memory: 00 00 00 00 00 00 00 00
R8 =0x00000000000010bd is an unknown value
R9 =0x00000000000010c4 is an unknown value
R10=0x00000000fffffff0 is an unknown value
R11=0x0 is NULL
R12=0x0 is NULL
R13=0x0000000000000001 is an unknown value
R14=0x0 is NULL
R15=0x00007f9df3d14c70 points into unknown readable memory: 62 61 6c 5f 4c 4c 56 4d


Registers:
RAX=0x0000000000000000, RBX=0x0000000000000000, RCX=0x00007f9df3d14c70, RDX=0x00007f9df3d00000
RSP=0x00007000052a67b0, RBP=0x00007000052a6810, RSI=0x00007f9df3d14c70, RDI=0x00007f9df3d14c40
R8 =0x00000000000010bd, R9 =0x00000000000010c4, R10=0x00000000fffffff0, R11=0x0000000000000000
R12=0x0000000000000000, R13=0x0000000000000001, R14=0x0000000000000000, R15=0x00007f9df3d14c70
RIP=0x000000012ec4f9e6, EFLAGS=0x0000000000010206, ERR=0x0000000000000004
  TRAPNO=0x000000000000000e

Top of Stack: (sp=0x00007000052a67b0)
0x00007000052a67b0:   000000010195f080 0000000000000000
0x00007000052a67c0:   0000000000000000 00007f9df3c79190
0x00007000052a67d0:   00007f9df3c78b28 00007f9df40e90e0
0x00007000052a67e0:   00000002000003d8 00007f9df3d146b0
0x00007000052a67f0:   00007f9df3c790e0 00007f9df3c78b28
0x00007000052a6800:   00007f9df4012340 00007000052a6840
0x00007000052a6810:   00007000052a6880 000000012ec4f66b
0x00007000052a6820:   00007000052a6840 0000000000000000
0x00007000052a6830:   000000000000000b 00007000052a68a0
0x00007000052a6840:   0000000000000000 0000000000000000
0x00007000052a6850:   0000000000000101 00007f9df3d146b0
0x00007000052a6860:   00007000052a69c8 00007f9df3c78b28
0x00007000052a6870:   00007f9df4012340 0000000000000000
0x00007000052a6880:   00007000052a68c0 000000012ec8faac
0x00007000052a6890:   0000000000000000 00007f9df3c78b28
0x00007000052a68a0:   00007f9df3d146b0 0000000000000000
0x00007000052a68b0:   00007000052a0103 0000000106c26008
0x00007000052a68c0:   00007000052a6910 0000000106bac6f5
0x00007000052a68d0:   00007f9df3c790e0 00007f9df40e90e0
0x00007000052a68e0:   00007000052a69d0 0000000106963a88
0x00007000052a68f0:   0000000000000000 0000000106963a80
0x00007000052a6900:   00007000052a69e0 00007f9df4012000
0x00007000052a6910:   00007000052a6998 0000000115edc330
0x00007000052a6920:   0000700000000001 00007000052a69b8
0x00007000052a6930:   00007000052a6998 0000000115edc070
0x00007000052a6940:   00000000000000b8 0000000115edc036
0x00007000052a6950:   00007000052a6950 0000000106963a80
0x00007000052a6960:   00007000052a69e0 0000000106991508
0x00007000052a6970:   0000000000000000 000000070facb1b8
0x00007000052a6980:   0000000106963a88 0000000000000000
0x00007000052a6990:   00007000052a69b8 00007000052a6a30
0x00007000052a69a0:   0000000115ed6940 000000070facb1b8 

Instructions: (pc=0x000000012ec4f9e6)
0x000000012ec4f8e6:   02 00 00 00 e8 91 a6 0d 00 48 8d 45 d0 48 39 c3
0x000000012ec4f8f6:   74 32 48 8b 33 48 85 f6 74 08 48 89 df e8 b8 a9
0x000000012ec4f906:   0d 00 48 8b 75 d0 48 89 33 48 85 f6 74 1a 48 8d
0x000000012ec4f916:   7d d0 48 89 da e8 50 ab 0d 00 48 c7 45 d0 00 00
0x000000012ec4f926:   00 00 eb 12 48 8b 75 d0 48 85 f6 74 09 48 8d 7d
0x000000012ec4f936:   d0 e8 84 a9 0d 00 48 83 c4 18 5b 41 5c 41 5d 41
0x000000012ec4f946:   5e 41 5f 5d c3 0f 1f 44 00 00 55 48 89 e5 41 57
0x000000012ec4f956:   41 56 41 55 41 54 53 48 83 ec 38 4d 89 cc 4c 89
0x000000012ec4f966:   c3 49 89 cd 48 89 55 b8 48 89 75 c0 48 89 7d c8
0x000000012ec4f976:   45 31 f6 b8 00 00 00 00 4d 85 e4 74 34 4c 89 e0
0x000000012ec4f986:   48 c1 e0 04 48 8d 0c 40 48 8d 53 20 31 c0 66 66
0x000000012ec4f996:   66 2e 0f 1f 84 00 00 00 00 00 48 8b 32 48 2b 72
0x000000012ec4f9a6:   f8 48 c1 ee 03 01 f0 48 83 c2 30 48 83 c1 d0 75
0x000000012ec4f9b6:   e9 41 8d 4d 01 89 4d d4 42 8d 74 28 01 44 89 e2
0x000000012ec4f9c6:   c1 e2 04 bf 48 00 00 00 e8 9d 4f 11 00 48 89 5d
0x000000012ec4f9d6:   a8 4c 89 65 b0 49 89 c7 48 8b 45 c8 48 8b 40 10
0x000000012ec4f9e6:   48 8b 30 4c 89 e8 4d 85 e4 74 5c 49 c1 e4 04 4b
0x000000012ec4f9f6:   8d 0c 64 48 8d 53 20 31 c0 90 48 8b 3a 48 2b 7a
0x000000012ec4fa06:   f8 48 c1 ef 03 01 f8 48 83 c2 30 48 83 c1 d0 75
0x000000012ec4fa16:   e9 4b 8d 0c 64 48 83 c3 20 45 31 f6 66 66 66 66
0x000000012ec4fa26:   66 2e 0f 1f 84 00 00 00 00 00 48 8b 13 48 2b 53
0x000000012ec4fa36:   f8 48 c1 ea 03 41 01 d6 48 83 c3 30 48 83 c1 d0
0x000000012ec4fa46:   75 e8 89 c0 4c 01 e8 44 03 75 d4 48 f7 d0 48 8d
0x000000012ec4fa56:   04 40 49 8d 0c c7 ba 38 00 00 00 4c 89 ff 45 89
0x000000012ec4fa66:   f0 4c 8b 4d 18 e8 60 4b 0a 00 49 c7 47 38 00 00
0x000000012ec4fa76:   00 00 48 8b 45 a8 48 8b 5d b0 4c 89 ff 48 8b 75
0x000000012ec4fa86:   c8 48 8b 55 c0 48 8b 4d b8 4d 89 e8 4c 8b 4d 10
0x000000012ec4fa96:   53 50 e8 e3 8c 0a 00 48 83 c4 10 4c 89 f8 48 83
0x000000012ec4faa6:   c4 38 5b 41 5c 41 5d 41 5e 41 5f 5d c3 66 66 66
0x000000012ec4fab6:   66 2e 0f 1f 84 00 00 00 00 00 55 48 89 e5 48 83
0x000000012ec4fac6:   7f b8 00 48 8d 47 b8 74 26 4c 8b 40 08 4c 8b 48
0x000000012ec4fad6:   10 49 83 e1 fc 4d 89 01 4c 8b 40 08 4d 85 c0 74 


Stack slot to memory mapping:
stack at sp + 0 slots: 0x000000010195f080 points into unknown readable memory: 00 00 00 00 01 00 00 00
stack at sp + 1 slots: 0x0 is NULL
stack at sp + 2 slots: 0x0 is NULL
stack at sp + 3 slots: 0x00007f9df3c79190 points into unknown readable memory: 30 94 c7 f3 9d 7f 00 00
stack at sp + 4 slots: 0x00007f9df3c78b28 points into unknown readable memory: 30 ee 0e f4 9d 7f 00 00
stack at sp + 5 slots: 0x00007f9df40e90e0 points into unknown readable memory: c0 6a c7 f3 9d 7f 00 00
stack at sp + 6 slots: 0x00000002000003d8 is an unknown value
stack at sp + 7 slots: 0x00007f9df3d146b0 points into unknown readable memory: 66 61 63 28 6e 20 2d 20


---------------  P R O C E S S  ---------------

Threads class SMR info:
_java_thread_list=0x00007f9df7d078c0, length=12, elements={
0x00007f9df4012000, 0x00007f9df5010800, 0x00007f9df5015800, 0x00007f9df501b800,
0x00007f9df480a000, 0x00007f9df4027800, 0x00007f9df4035000, 0x00007f9df4062800,
0x00007f9df4863000, 0x00007f9df5164000, 0x00007f9df5165000, 0x00007f9df9303800
}

Java Threads: ( => current thread )
=>0x00007f9df4012000 JavaThread "main" [_thread_in_native, id=10243, stack(0x00007000051a7000,0x00007000052a7000)]
  0x00007f9df5010800 JavaThread "Reference Handler" daemon [_thread_blocked, id=14595, stack(0x00007000058bc000,0x00007000059bc000)]
  0x00007f9df5015800 JavaThread "Finalizer" daemon [_thread_blocked, id=18691, stack(0x00007000059bf000,0x0000700005abf000)]
  0x00007f9df501b800 JavaThread "Signal Dispatcher" daemon [_thread_blocked, id=22019, stack(0x0000700005bc8000,0x0000700005cc8000)]
  0x00007f9df480a000 JavaThread "C2 CompilerThread0" daemon [_thread_blocked, id=22275, stack(0x0000700005ccb000,0x0000700005dcb000)]
  0x00007f9df4027800 JavaThread "C1 CompilerThread0" daemon [_thread_blocked, id=22787, stack(0x0000700005dce000,0x0000700005ece000)]
  0x00007f9df4035000 JavaThread "Sweeper thread" daemon [_thread_blocked, id=42243, stack(0x0000700005ed1000,0x0000700005fd1000)]
  0x00007f9df4062800 JavaThread "Service Thread" daemon [_thread_blocked, id=23811, stack(0x0000700005fd4000,0x00007000060d4000)]
  0x00007f9df4863000 JavaThread "Common-Cleaner" daemon [_thread_blocked, id=24835, stack(0x00007000061da000,0x00007000062da000)]
  0x00007f9df5164000 JavaThread "JavaCPP Deallocator" daemon [_thread_blocked, id=25603, stack(0x00007000062dd000,0x00007000063dd000)]
  0x00007f9df5165000 JavaThread "C2 CompilerThread1" daemon [_thread_blocked, id=41475, stack(0x00007000063e0000,0x00007000064e0000)]
  0x00007f9df9303800 JavaThread "C2 CompilerThread2" daemon [_thread_blocked, id=40963, stack(0x00007000064e3000,0x00007000065e3000)]

Other Threads:
  0x00007f9df600b000 VMThread "VM Thread" [stack: 0x00007000057b9000,0x00007000058b9000] [id=13827]
  0x00007f9df4028000 WatcherThread [stack: 0x00007000060d7000,0x00007000061d7000] [id=41731]
  0x00007f9df4013000 GCTaskThread "GC Thread#0" [stack: 0x00007000052aa000,0x00007000053aa000] [id=11779]
  0x00007f9df683d800 ConcurrentGCThread "G1 Main Marker" [stack: 0x00007000053ad000,0x00007000054ad000] [id=20995]
  0x00007f9df683e800 ConcurrentGCThread "G1 Conc#0" [stack: 0x00007000054b0000,0x00007000055b0000] [id=12803]
  0x00007f9df68e7000 ConcurrentGCThread "G1 Refine#0" [stack: 0x00007000055b3000,0x00007000056b3000] [id=20227]
  0x00007f9df68e8000 ConcurrentGCThread "G1 Young RemSet Sampling" [stack: 0x00007000056b6000,0x00007000057b6000] [id=13059]

Threads with active compile tasks:

VM state:not at safepoint (normal execution)

VM Mutex/Monitor currently owned by a thread: None

Heap address: 0x0000000700000000, size: 4096 MB, Compressed Oops mode: Zero based, Oop shift amount: 3
Narrow klass base: 0x0000000800000000, Narrow klass shift: 0
Compressed class space size: 1073741824 Address: 0x0000000800000000

Heap:
 garbage-first heap   total 262144K, used 20480K [0x0000000700000000, 0x0000000800000000)
  region size 1024K, 22 young (22528K), 0 survivors (0K)
 Metaspace       used 7624K, capacity 7728K, committed 7936K, reserved 1056768K
  class space    used 670K, capacity 708K, committed 768K, reserved 1048576K
Heap Regions: E=young(eden), S=young(survivor), O=old, HS=humongous(starts), HC=humongous(continues), CS=collection set, F=free, A=archive, TAMS=top-at-mark-start (previous, next)
|   0|0x0000000700000000, 0x0000000700000000, 0x0000000700100000|  0%| F|  |TAMS 0x0000000700000000, 0x0000000700000000| Untracked 
|   1|0x0000000700100000, 0x0000000700100000, 0x0000000700200000|  0%| F|  |TAMS 0x0000000700100000, 0x0000000700100000| Untracked 
|   2|0x0000000700200000, 0x0000000700200000, 0x0000000700300000|  0%| F|  |TAMS 0x0000000700200000, 0x0000000700200000| Untracked 
|   3|0x0000000700300000, 0x0000000700300000, 0x0000000700400000|  0%| F|  |TAMS 0x0000000700300000, 0x0000000700300000| Untracked 
|   4|0x0000000700400000, 0x0000000700400000, 0x0000000700500000|  0%| F|  |TAMS 0x0000000700400000, 0x0000000700400000| Untracked 
|   5|0x0000000700500000, 0x0000000700500000, 0x0000000700600000|  0%| F|  |TAMS 0x0000000700500000, 0x0000000700500000| Untracked 
|   6|0x0000000700600000, 0x0000000700600000, 0x0000000700700000|  0%| F|  |TAMS 0x0000000700600000, 0x0000000700600000| Untracked 
|   7|0x0000000700700000, 0x0000000700700000, 0x0000000700800000|  0%| F|  |TAMS 0x0000000700700000, 0x0000000700700000| Untracked 
|   8|0x0000000700800000, 0x0000000700800000, 0x0000000700900000|  0%| F|  |TAMS 0x0000000700800000, 0x0000000700800000| Untracked 
|   9|0x0000000700900000, 0x0000000700900000, 0x0000000700a00000|  0%| F|  |TAMS 0x0000000700900000, 0x0000000700900000| Untracked 
|  10|0x0000000700a00000, 0x0000000700a00000, 0x0000000700b00000|  0%| F|  |TAMS 0x0000000700a00000, 0x0000000700a00000| Untracked 
|  11|0x0000000700b00000, 0x0000000700b00000, 0x0000000700c00000|  0%| F|  |TAMS 0x0000000700b00000, 0x0000000700b00000| Untracked 
|  12|0x0000000700c00000, 0x0000000700c00000, 0x0000000700d00000|  0%| F|  |TAMS 0x0000000700c00000, 0x0000000700c00000| Untracked 
|  13|0x0000000700d00000, 0x0000000700d00000, 0x0000000700e00000|  0%| F|  |TAMS 0x0000000700d00000, 0x0000000700d00000| Untracked 
|  14|0x0000000700e00000, 0x0000000700e00000, 0x0000000700f00000|  0%| F|  |TAMS 0x0000000700e00000, 0x0000000700e00000| Untracked 
|  15|0x0000000700f00000, 0x0000000700f00000, 0x0000000701000000|  0%| F|  |TAMS 0x0000000700f00000, 0x0000000700f00000| Untracked 
|  16|0x0000000701000000, 0x0000000701000000, 0x0000000701100000|  0%| F|  |TAMS 0x0000000701000000, 0x0000000701000000| Untracked 
|  17|0x0000000701100000, 0x0000000701100000, 0x0000000701200000|  0%| F|  |TAMS 0x0000000701100000, 0x0000000701100000| Untracked 
|  18|0x0000000701200000, 0x0000000701200000, 0x0000000701300000|  0%| F|  |TAMS 0x0000000701200000, 0x0000000701200000| Untracked 
|  19|0x0000000701300000, 0x0000000701300000, 0x0000000701400000|  0%| F|  |TAMS 0x0000000701300000, 0x0000000701300000| Untracked 
|  20|0x0000000701400000, 0x0000000701400000, 0x0000000701500000|  0%| F|  |TAMS 0x0000000701400000, 0x0000000701400000| Untracked 
|  21|0x0000000701500000, 0x0000000701500000, 0x0000000701600000|  0%| F|  |TAMS 0x0000000701500000, 0x0000000701500000| Untracked 
|  22|0x0000000701600000, 0x0000000701600000, 0x0000000701700000|  0%| F|  |TAMS 0x0000000701600000, 0x0000000701600000| Untracked 
|  23|0x0000000701700000, 0x0000000701700000, 0x0000000701800000|  0%| F|  |TAMS 0x0000000701700000, 0x0000000701700000| Untracked 
|  24|0x0000000701800000, 0x0000000701800000, 0x0000000701900000|  0%| F|  |TAMS 0x0000000701800000, 0x0000000701800000| Untracked 
|  25|0x0000000701900000, 0x0000000701900000, 0x0000000701a00000|  0%| F|  |TAMS 0x0000000701900000, 0x0000000701900000| Untracked 
|  26|0x0000000701a00000, 0x0000000701a00000, 0x0000000701b00000|  0%| F|  |TAMS 0x0000000701a00000, 0x0000000701a00000| Untracked 
|  27|0x0000000701b00000, 0x0000000701b00000, 0x0000000701c00000|  0%| F|  |TAMS 0x0000000701b00000, 0x0000000701b00000| Untracked 
|  28|0x0000000701c00000, 0x0000000701c00000, 0x0000000701d00000|  0%| F|  |TAMS 0x0000000701c00000, 0x0000000701c00000| Untracked 
|  29|0x0000000701d00000, 0x0000000701d00000, 0x0000000701e00000|  0%| F|  |TAMS 0x0000000701d00000, 0x0000000701d00000| Untracked 
|  30|0x0000000701e00000, 0x0000000701e00000, 0x0000000701f00000|  0%| F|  |TAMS 0x0000000701e00000, 0x0000000701e00000| Untracked 
|  31|0x0000000701f00000, 0x0000000701f00000, 0x0000000702000000|  0%| F|  |TAMS 0x0000000701f00000, 0x0000000701f00000| Untracked 
|  32|0x0000000702000000, 0x0000000702000000, 0x0000000702100000|  0%| F|  |TAMS 0x0000000702000000, 0x0000000702000000| Untracked 
|  33|0x0000000702100000, 0x0000000702100000, 0x0000000702200000|  0%| F|  |TAMS 0x0000000702100000, 0x0000000702100000| Untracked 
|  34|0x0000000702200000, 0x0000000702200000, 0x0000000702300000|  0%| F|  |TAMS 0x0000000702200000, 0x0000000702200000| Untracked 
|  35|0x0000000702300000, 0x0000000702300000, 0x0000000702400000|  0%| F|  |TAMS 0x0000000702300000, 0x0000000702300000| Untracked 
|  36|0x0000000702400000, 0x0000000702400000, 0x0000000702500000|  0%| F|  |TAMS 0x0000000702400000, 0x0000000702400000| Untracked 
|  37|0x0000000702500000, 0x0000000702500000, 0x0000000702600000|  0%| F|  |TAMS 0x0000000702500000, 0x0000000702500000| Untracked 
|  38|0x0000000702600000, 0x0000000702600000, 0x0000000702700000|  0%| F|  |TAMS 0x0000000702600000, 0x0000000702600000| Untracked 
|  39|0x0000000702700000, 0x0000000702700000, 0x0000000702800000|  0%| F|  |TAMS 0x0000000702700000, 0x0000000702700000| Untracked 
|  40|0x0000000702800000, 0x0000000702800000, 0x0000000702900000|  0%| F|  |TAMS 0x0000000702800000, 0x0000000702800000| Untracked 
|  41|0x0000000702900000, 0x0000000702900000, 0x0000000702a00000|  0%| F|  |TAMS 0x0000000702900000, 0x0000000702900000| Untracked 
|  42|0x0000000702a00000, 0x0000000702a00000, 0x0000000702b00000|  0%| F|  |TAMS 0x0000000702a00000, 0x0000000702a00000| Untracked 
|  43|0x0000000702b00000, 0x0000000702b00000, 0x0000000702c00000|  0%| F|  |TAMS 0x0000000702b00000, 0x0000000702b00000| Untracked 
|  44|0x0000000702c00000, 0x0000000702c00000, 0x0000000702d00000|  0%| F|  |TAMS 0x0000000702c00000, 0x0000000702c00000| Untracked 
|  45|0x0000000702d00000, 0x0000000702d00000, 0x0000000702e00000|  0%| F|  |TAMS 0x0000000702d00000, 0x0000000702d00000| Untracked 
|  46|0x0000000702e00000, 0x0000000702e00000, 0x0000000702f00000|  0%| F|  |TAMS 0x0000000702e00000, 0x0000000702e00000| Untracked 
|  47|0x0000000702f00000, 0x0000000702f00000, 0x0000000703000000|  0%| F|  |TAMS 0x0000000702f00000, 0x0000000702f00000| Untracked 
|  48|0x0000000703000000, 0x0000000703000000, 0x0000000703100000|  0%| F|  |TAMS 0x0000000703000000, 0x0000000703000000| Untracked 
|  49|0x0000000703100000, 0x0000000703100000, 0x0000000703200000|  0%| F|  |TAMS 0x0000000703100000, 0x0000000703100000| Untracked 
|  50|0x0000000703200000, 0x0000000703200000, 0x0000000703300000|  0%| F|  |TAMS 0x0000000703200000, 0x0000000703200000| Untracked 
|  51|0x0000000703300000, 0x0000000703300000, 0x0000000703400000|  0%| F|  |TAMS 0x0000000703300000, 0x0000000703300000| Untracked 
|  52|0x0000000703400000, 0x0000000703400000, 0x0000000703500000|  0%| F|  |TAMS 0x0000000703400000, 0x0000000703400000| Untracked 
|  53|0x0000000703500000, 0x0000000703500000, 0x0000000703600000|  0%| F|  |TAMS 0x0000000703500000, 0x0000000703500000| Untracked 
|  54|0x0000000703600000, 0x0000000703600000, 0x0000000703700000|  0%| F|  |TAMS 0x0000000703600000, 0x0000000703600000| Untracked 
|  55|0x0000000703700000, 0x0000000703700000, 0x0000000703800000|  0%| F|  |TAMS 0x0000000703700000, 0x0000000703700000| Untracked 
|  56|0x0000000703800000, 0x0000000703800000, 0x0000000703900000|  0%| F|  |TAMS 0x0000000703800000, 0x0000000703800000| Untracked 
|  57|0x0000000703900000, 0x0000000703900000, 0x0000000703a00000|  0%| F|  |TAMS 0x0000000703900000, 0x0000000703900000| Untracked 
|  58|0x0000000703a00000, 0x0000000703a00000, 0x0000000703b00000|  0%| F|  |TAMS 0x0000000703a00000, 0x0000000703a00000| Untracked 
|  59|0x0000000703b00000, 0x0000000703b00000, 0x0000000703c00000|  0%| F|  |TAMS 0x0000000703b00000, 0x0000000703b00000| Untracked 
|  60|0x0000000703c00000, 0x0000000703c00000, 0x0000000703d00000|  0%| F|  |TAMS 0x0000000703c00000, 0x0000000703c00000| Untracked 
|  61|0x0000000703d00000, 0x0000000703d00000, 0x0000000703e00000|  0%| F|  |TAMS 0x0000000703d00000, 0x0000000703d00000| Untracked 
|  62|0x0000000703e00000, 0x0000000703e00000, 0x0000000703f00000|  0%| F|  |TAMS 0x0000000703e00000, 0x0000000703e00000| Untracked 
|  63|0x0000000703f00000, 0x0000000703f00000, 0x0000000704000000|  0%| F|  |TAMS 0x0000000703f00000, 0x0000000703f00000| Untracked 
|  64|0x0000000704000000, 0x0000000704000000, 0x0000000704100000|  0%| F|  |TAMS 0x0000000704000000, 0x0000000704000000| Untracked 
|  65|0x0000000704100000, 0x0000000704100000, 0x0000000704200000|  0%| F|  |TAMS 0x0000000704100000, 0x0000000704100000| Untracked 
|  66|0x0000000704200000, 0x0000000704200000, 0x0000000704300000|  0%| F|  |TAMS 0x0000000704200000, 0x0000000704200000| Untracked 
|  67|0x0000000704300000, 0x0000000704300000, 0x0000000704400000|  0%| F|  |TAMS 0x0000000704300000, 0x0000000704300000| Untracked 
|  68|0x0000000704400000, 0x0000000704400000, 0x0000000704500000|  0%| F|  |TAMS 0x0000000704400000, 0x0000000704400000| Untracked 
|  69|0x0000000704500000, 0x0000000704500000, 0x0000000704600000|  0%| F|  |TAMS 0x0000000704500000, 0x0000000704500000| Untracked 
|  70|0x0000000704600000, 0x0000000704600000, 0x0000000704700000|  0%| F|  |TAMS 0x0000000704600000, 0x0000000704600000| Untracked 
|  71|0x0000000704700000, 0x0000000704700000, 0x0000000704800000|  0%| F|  |TAMS 0x0000000704700000, 0x0000000704700000| Untracked 
|  72|0x0000000704800000, 0x0000000704800000, 0x0000000704900000|  0%| F|  |TAMS 0x0000000704800000, 0x0000000704800000| Untracked 
|  73|0x0000000704900000, 0x0000000704900000, 0x0000000704a00000|  0%| F|  |TAMS 0x0000000704900000, 0x0000000704900000| Untracked 
|  74|0x0000000704a00000, 0x0000000704a00000, 0x0000000704b00000|  0%| F|  |TAMS 0x0000000704a00000, 0x0000000704a00000| Untracked 
|  75|0x0000000704b00000, 0x0000000704b00000, 0x0000000704c00000|  0%| F|  |TAMS 0x0000000704b00000, 0x0000000704b00000| Untracked 
|  76|0x0000000704c00000, 0x0000000704c00000, 0x0000000704d00000|  0%| F|  |TAMS 0x0000000704c00000, 0x0000000704c00000| Untracked 
|  77|0x0000000704d00000, 0x0000000704d00000, 0x0000000704e00000|  0%| F|  |TAMS 0x0000000704d00000, 0x0000000704d00000| Untracked 
|  78|0x0000000704e00000, 0x0000000704e00000, 0x0000000704f00000|  0%| F|  |TAMS 0x0000000704e00000, 0x0000000704e00000| Untracked 
|  79|0x0000000704f00000, 0x0000000704f00000, 0x0000000705000000|  0%| F|  |TAMS 0x0000000704f00000, 0x0000000704f00000| Untracked 
|  80|0x0000000705000000, 0x0000000705000000, 0x0000000705100000|  0%| F|  |TAMS 0x0000000705000000, 0x0000000705000000| Untracked 
|  81|0x0000000705100000, 0x0000000705100000, 0x0000000705200000|  0%| F|  |TAMS 0x0000000705100000, 0x0000000705100000| Untracked 
|  82|0x0000000705200000, 0x0000000705200000, 0x0000000705300000|  0%| F|  |TAMS 0x0000000705200000, 0x0000000705200000| Untracked 
|  83|0x0000000705300000, 0x0000000705300000, 0x0000000705400000|  0%| F|  |TAMS 0x0000000705300000, 0x0000000705300000| Untracked 
|  84|0x0000000705400000, 0x0000000705400000, 0x0000000705500000|  0%| F|  |TAMS 0x0000000705400000, 0x0000000705400000| Untracked 
|  85|0x0000000705500000, 0x0000000705500000, 0x0000000705600000|  0%| F|  |TAMS 0x0000000705500000, 0x0000000705500000| Untracked 
|  86|0x0000000705600000, 0x0000000705600000, 0x0000000705700000|  0%| F|  |TAMS 0x0000000705600000, 0x0000000705600000| Untracked 
|  87|0x0000000705700000, 0x0000000705700000, 0x0000000705800000|  0%| F|  |TAMS 0x0000000705700000, 0x0000000705700000| Untracked 
|  88|0x0000000705800000, 0x0000000705800000, 0x0000000705900000|  0%| F|  |TAMS 0x0000000705800000, 0x0000000705800000| Untracked 
|  89|0x0000000705900000, 0x0000000705900000, 0x0000000705a00000|  0%| F|  |TAMS 0x0000000705900000, 0x0000000705900000| Untracked 
|  90|0x0000000705a00000, 0x0000000705a00000, 0x0000000705b00000|  0%| F|  |TAMS 0x0000000705a00000, 0x0000000705a00000| Untracked 
|  91|0x0000000705b00000, 0x0000000705b00000, 0x0000000705c00000|  0%| F|  |TAMS 0x0000000705b00000, 0x0000000705b00000| Untracked 
|  92|0x0000000705c00000, 0x0000000705c00000, 0x0000000705d00000|  0%| F|  |TAMS 0x0000000705c00000, 0x0000000705c00000| Untracked 
|  93|0x0000000705d00000, 0x0000000705d00000, 0x0000000705e00000|  0%| F|  |TAMS 0x0000000705d00000, 0x0000000705d00000| Untracked 
|  94|0x0000000705e00000, 0x0000000705e00000, 0x0000000705f00000|  0%| F|  |TAMS 0x0000000705e00000, 0x0000000705e00000| Untracked 
|  95|0x0000000705f00000, 0x0000000705f00000, 0x0000000706000000|  0%| F|  |TAMS 0x0000000705f00000, 0x0000000705f00000| Untracked 
|  96|0x0000000706000000, 0x0000000706000000, 0x0000000706100000|  0%| F|  |TAMS 0x0000000706000000, 0x0000000706000000| Untracked 
|  97|0x0000000706100000, 0x0000000706100000, 0x0000000706200000|  0%| F|  |TAMS 0x0000000706100000, 0x0000000706100000| Untracked 
|  98|0x0000000706200000, 0x0000000706200000, 0x0000000706300000|  0%| F|  |TAMS 0x0000000706200000, 0x0000000706200000| Untracked 
|  99|0x0000000706300000, 0x0000000706300000, 0x0000000706400000|  0%| F|  |TAMS 0x0000000706300000, 0x0000000706300000| Untracked 
| 100|0x0000000706400000, 0x0000000706400000, 0x0000000706500000|  0%| F|  |TAMS 0x0000000706400000, 0x0000000706400000| Untracked 
| 101|0x0000000706500000, 0x0000000706500000, 0x0000000706600000|  0%| F|  |TAMS 0x0000000706500000, 0x0000000706500000| Untracked 
| 102|0x0000000706600000, 0x0000000706600000, 0x0000000706700000|  0%| F|  |TAMS 0x0000000706600000, 0x0000000706600000| Untracked 
| 103|0x0000000706700000, 0x0000000706700000, 0x0000000706800000|  0%| F|  |TAMS 0x0000000706700000, 0x0000000706700000| Untracked 
| 104|0x0000000706800000, 0x0000000706800000, 0x0000000706900000|  0%| F|  |TAMS 0x0000000706800000, 0x0000000706800000| Untracked 
| 105|0x0000000706900000, 0x0000000706900000, 0x0000000706a00000|  0%| F|  |TAMS 0x0000000706900000, 0x0000000706900000| Untracked 
| 106|0x0000000706a00000, 0x0000000706a00000, 0x0000000706b00000|  0%| F|  |TAMS 0x0000000706a00000, 0x0000000706a00000| Untracked 
| 107|0x0000000706b00000, 0x0000000706b00000, 0x0000000706c00000|  0%| F|  |TAMS 0x0000000706b00000, 0x0000000706b00000| Untracked 
| 108|0x0000000706c00000, 0x0000000706c00000, 0x0000000706d00000|  0%| F|  |TAMS 0x0000000706c00000, 0x0000000706c00000| Untracked 
| 109|0x0000000706d00000, 0x0000000706d00000, 0x0000000706e00000|  0%| F|  |TAMS 0x0000000706d00000, 0x0000000706d00000| Untracked 
| 110|0x0000000706e00000, 0x0000000706e00000, 0x0000000706f00000|  0%| F|  |TAMS 0x0000000706e00000, 0x0000000706e00000| Untracked 
| 111|0x0000000706f00000, 0x0000000706f00000, 0x0000000707000000|  0%| F|  |TAMS 0x0000000706f00000, 0x0000000706f00000| Untracked 
| 112|0x0000000707000000, 0x0000000707000000, 0x0000000707100000|  0%| F|  |TAMS 0x0000000707000000, 0x0000000707000000| Untracked 
| 113|0x0000000707100000, 0x0000000707100000, 0x0000000707200000|  0%| F|  |TAMS 0x0000000707100000, 0x0000000707100000| Untracked 
| 114|0x0000000707200000, 0x0000000707200000, 0x0000000707300000|  0%| F|  |TAMS 0x0000000707200000, 0x0000000707200000| Untracked 
| 115|0x0000000707300000, 0x0000000707300000, 0x0000000707400000|  0%| F|  |TAMS 0x0000000707300000, 0x0000000707300000| Untracked 
| 116|0x0000000707400000, 0x0000000707400000, 0x0000000707500000|  0%| F|  |TAMS 0x0000000707400000, 0x0000000707400000| Untracked 
| 117|0x0000000707500000, 0x0000000707500000, 0x0000000707600000|  0%| F|  |TAMS 0x0000000707500000, 0x0000000707500000| Untracked 
| 118|0x0000000707600000, 0x0000000707600000, 0x0000000707700000|  0%| F|  |TAMS 0x0000000707600000, 0x0000000707600000| Untracked 
| 119|0x0000000707700000, 0x0000000707700000, 0x0000000707800000|  0%| F|  |TAMS 0x0000000707700000, 0x0000000707700000| Untracked 
| 120|0x0000000707800000, 0x0000000707800000, 0x0000000707900000|  0%| F|  |TAMS 0x0000000707800000, 0x0000000707800000| Untracked 
| 121|0x0000000707900000, 0x0000000707900000, 0x0000000707a00000|  0%| F|  |TAMS 0x0000000707900000, 0x0000000707900000| Untracked 
| 122|0x0000000707a00000, 0x0000000707a00000, 0x0000000707b00000|  0%| F|  |TAMS 0x0000000707a00000, 0x0000000707a00000| Untracked 
| 123|0x0000000707b00000, 0x0000000707b00000, 0x0000000707c00000|  0%| F|  |TAMS 0x0000000707b00000, 0x0000000707b00000| Untracked 
| 124|0x0000000707c00000, 0x0000000707c00000, 0x0000000707d00000|  0%| F|  |TAMS 0x0000000707c00000, 0x0000000707c00000| Untracked 
| 125|0x0000000707d00000, 0x0000000707d00000, 0x0000000707e00000|  0%| F|  |TAMS 0x0000000707d00000, 0x0000000707d00000| Untracked 
| 126|0x0000000707e00000, 0x0000000707e00000, 0x0000000707f00000|  0%| F|  |TAMS 0x0000000707e00000, 0x0000000707e00000| Untracked 
| 127|0x0000000707f00000, 0x0000000707f00000, 0x0000000708000000|  0%| F|  |TAMS 0x0000000707f00000, 0x0000000707f00000| Untracked 
| 128|0x0000000708000000, 0x0000000708000000, 0x0000000708100000|  0%| F|  |TAMS 0x0000000708000000, 0x0000000708000000| Untracked 
| 129|0x0000000708100000, 0x0000000708100000, 0x0000000708200000|  0%| F|  |TAMS 0x0000000708100000, 0x0000000708100000| Untracked 
| 130|0x0000000708200000, 0x0000000708200000, 0x0000000708300000|  0%| F|  |TAMS 0x0000000708200000, 0x0000000708200000| Untracked 
| 131|0x0000000708300000, 0x0000000708300000, 0x0000000708400000|  0%| F|  |TAMS 0x0000000708300000, 0x0000000708300000| Untracked 
| 132|0x0000000708400000, 0x0000000708400000, 0x0000000708500000|  0%| F|  |TAMS 0x0000000708400000, 0x0000000708400000| Untracked 
| 133|0x0000000708500000, 0x0000000708500000, 0x0000000708600000|  0%| F|  |TAMS 0x0000000708500000, 0x0000000708500000| Untracked 
| 134|0x0000000708600000, 0x0000000708600000, 0x0000000708700000|  0%| F|  |TAMS 0x0000000708600000, 0x0000000708600000| Untracked 
| 135|0x0000000708700000, 0x0000000708700000, 0x0000000708800000|  0%| F|  |TAMS 0x0000000708700000, 0x0000000708700000| Untracked 
| 136|0x0000000708800000, 0x0000000708800000, 0x0000000708900000|  0%| F|  |TAMS 0x0000000708800000, 0x0000000708800000| Untracked 
| 137|0x0000000708900000, 0x0000000708900000, 0x0000000708a00000|  0%| F|  |TAMS 0x0000000708900000, 0x0000000708900000| Untracked 
| 138|0x0000000708a00000, 0x0000000708a00000, 0x0000000708b00000|  0%| F|  |TAMS 0x0000000708a00000, 0x0000000708a00000| Untracked 
| 139|0x0000000708b00000, 0x0000000708b00000, 0x0000000708c00000|  0%| F|  |TAMS 0x0000000708b00000, 0x0000000708b00000| Untracked 
| 140|0x0000000708c00000, 0x0000000708c00000, 0x0000000708d00000|  0%| F|  |TAMS 0x0000000708c00000, 0x0000000708c00000| Untracked 
| 141|0x0000000708d00000, 0x0000000708d00000, 0x0000000708e00000|  0%| F|  |TAMS 0x0000000708d00000, 0x0000000708d00000| Untracked 
| 142|0x0000000708e00000, 0x0000000708e00000, 0x0000000708f00000|  0%| F|  |TAMS 0x0000000708e00000, 0x0000000708e00000| Untracked 
| 143|0x0000000708f00000, 0x0000000708f00000, 0x0000000709000000|  0%| F|  |TAMS 0x0000000708f00000, 0x0000000708f00000| Untracked 
| 144|0x0000000709000000, 0x0000000709000000, 0x0000000709100000|  0%| F|  |TAMS 0x0000000709000000, 0x0000000709000000| Untracked 
| 145|0x0000000709100000, 0x0000000709100000, 0x0000000709200000|  0%| F|  |TAMS 0x0000000709100000, 0x0000000709100000| Untracked 
| 146|0x0000000709200000, 0x0000000709200000, 0x0000000709300000|  0%| F|  |TAMS 0x0000000709200000, 0x0000000709200000| Untracked 
| 147|0x0000000709300000, 0x0000000709300000, 0x0000000709400000|  0%| F|  |TAMS 0x0000000709300000, 0x0000000709300000| Untracked 
| 148|0x0000000709400000, 0x0000000709400000, 0x0000000709500000|  0%| F|  |TAMS 0x0000000709400000, 0x0000000709400000| Untracked 
| 149|0x0000000709500000, 0x0000000709500000, 0x0000000709600000|  0%| F|  |TAMS 0x0000000709500000, 0x0000000709500000| Untracked 
| 150|0x0000000709600000, 0x0000000709600000, 0x0000000709700000|  0%| F|  |TAMS 0x0000000709600000, 0x0000000709600000| Untracked 
| 151|0x0000000709700000, 0x0000000709700000, 0x0000000709800000|  0%| F|  |TAMS 0x0000000709700000, 0x0000000709700000| Untracked 
| 152|0x0000000709800000, 0x0000000709800000, 0x0000000709900000|  0%| F|  |TAMS 0x0000000709800000, 0x0000000709800000| Untracked 
| 153|0x0000000709900000, 0x0000000709900000, 0x0000000709a00000|  0%| F|  |TAMS 0x0000000709900000, 0x0000000709900000| Untracked 
| 154|0x0000000709a00000, 0x0000000709a00000, 0x0000000709b00000|  0%| F|  |TAMS 0x0000000709a00000, 0x0000000709a00000| Untracked 
| 155|0x0000000709b00000, 0x0000000709b00000, 0x0000000709c00000|  0%| F|  |TAMS 0x0000000709b00000, 0x0000000709b00000| Untracked 
| 156|0x0000000709c00000, 0x0000000709c00000, 0x0000000709d00000|  0%| F|  |TAMS 0x0000000709c00000, 0x0000000709c00000| Untracked 
| 157|0x0000000709d00000, 0x0000000709d00000, 0x0000000709e00000|  0%| F|  |TAMS 0x0000000709d00000, 0x0000000709d00000| Untracked 
| 158|0x0000000709e00000, 0x0000000709e00000, 0x0000000709f00000|  0%| F|  |TAMS 0x0000000709e00000, 0x0000000709e00000| Untracked 
| 159|0x0000000709f00000, 0x0000000709f00000, 0x000000070a000000|  0%| F|  |TAMS 0x0000000709f00000, 0x0000000709f00000| Untracked 
| 160|0x000000070a000000, 0x000000070a000000, 0x000000070a100000|  0%| F|  |TAMS 0x000000070a000000, 0x000000070a000000| Untracked 
| 161|0x000000070a100000, 0x000000070a100000, 0x000000070a200000|  0%| F|  |TAMS 0x000000070a100000, 0x000000070a100000| Untracked 
| 162|0x000000070a200000, 0x000000070a200000, 0x000000070a300000|  0%| F|  |TAMS 0x000000070a200000, 0x000000070a200000| Untracked 
| 163|0x000000070a300000, 0x000000070a300000, 0x000000070a400000|  0%| F|  |TAMS 0x000000070a300000, 0x000000070a300000| Untracked 
| 164|0x000000070a400000, 0x000000070a400000, 0x000000070a500000|  0%| F|  |TAMS 0x000000070a400000, 0x000000070a400000| Untracked 
| 165|0x000000070a500000, 0x000000070a500000, 0x000000070a600000|  0%| F|  |TAMS 0x000000070a500000, 0x000000070a500000| Untracked 
| 166|0x000000070a600000, 0x000000070a600000, 0x000000070a700000|  0%| F|  |TAMS 0x000000070a600000, 0x000000070a600000| Untracked 
| 167|0x000000070a700000, 0x000000070a700000, 0x000000070a800000|  0%| F|  |TAMS 0x000000070a700000, 0x000000070a700000| Untracked 
| 168|0x000000070a800000, 0x000000070a800000, 0x000000070a900000|  0%| F|  |TAMS 0x000000070a800000, 0x000000070a800000| Untracked 
| 169|0x000000070a900000, 0x000000070a900000, 0x000000070aa00000|  0%| F|  |TAMS 0x000000070a900000, 0x000000070a900000| Untracked 
| 170|0x000000070aa00000, 0x000000070aa00000, 0x000000070ab00000|  0%| F|  |TAMS 0x000000070aa00000, 0x000000070aa00000| Untracked 
| 171|0x000000070ab00000, 0x000000070ab00000, 0x000000070ac00000|  0%| F|  |TAMS 0x000000070ab00000, 0x000000070ab00000| Untracked 
| 172|0x000000070ac00000, 0x000000070ac00000, 0x000000070ad00000|  0%| F|  |TAMS 0x000000070ac00000, 0x000000070ac00000| Untracked 
| 173|0x000000070ad00000, 0x000000070ad00000, 0x000000070ae00000|  0%| F|  |TAMS 0x000000070ad00000, 0x000000070ad00000| Untracked 
| 174|0x000000070ae00000, 0x000000070ae00000, 0x000000070af00000|  0%| F|  |TAMS 0x000000070ae00000, 0x000000070ae00000| Untracked 
| 175|0x000000070af00000, 0x000000070af00000, 0x000000070b000000|  0%| F|  |TAMS 0x000000070af00000, 0x000000070af00000| Untracked 
| 176|0x000000070b000000, 0x000000070b000000, 0x000000070b100000|  0%| F|  |TAMS 0x000000070b000000, 0x000000070b000000| Untracked 
| 177|0x000000070b100000, 0x000000070b100000, 0x000000070b200000|  0%| F|  |TAMS 0x000000070b100000, 0x000000070b100000| Untracked 
| 178|0x000000070b200000, 0x000000070b200000, 0x000000070b300000|  0%| F|  |TAMS 0x000000070b200000, 0x000000070b200000| Untracked 
| 179|0x000000070b300000, 0x000000070b300000, 0x000000070b400000|  0%| F|  |TAMS 0x000000070b300000, 0x000000070b300000| Untracked 
| 180|0x000000070b400000, 0x000000070b400000, 0x000000070b500000|  0%| F|  |TAMS 0x000000070b400000, 0x000000070b400000| Untracked 
| 181|0x000000070b500000, 0x000000070b500000, 0x000000070b600000|  0%| F|  |TAMS 0x000000070b500000, 0x000000070b500000| Untracked 
| 182|0x000000070b600000, 0x000000070b600000, 0x000000070b700000|  0%| F|  |TAMS 0x000000070b600000, 0x000000070b600000| Untracked 
| 183|0x000000070b700000, 0x000000070b700000, 0x000000070b800000|  0%| F|  |TAMS 0x000000070b700000, 0x000000070b700000| Untracked 
| 184|0x000000070b800000, 0x000000070b800000, 0x000000070b900000|  0%| F|  |TAMS 0x000000070b800000, 0x000000070b800000| Untracked 
| 185|0x000000070b900000, 0x000000070b900000, 0x000000070ba00000|  0%| F|  |TAMS 0x000000070b900000, 0x000000070b900000| Untracked 
| 186|0x000000070ba00000, 0x000000070ba00000, 0x000000070bb00000|  0%| F|  |TAMS 0x000000070ba00000, 0x000000070ba00000| Untracked 
| 187|0x000000070bb00000, 0x000000070bb00000, 0x000000070bc00000|  0%| F|  |TAMS 0x000000070bb00000, 0x000000070bb00000| Untracked 
| 188|0x000000070bc00000, 0x000000070bc00000, 0x000000070bd00000|  0%| F|  |TAMS 0x000000070bc00000, 0x000000070bc00000| Untracked 
| 189|0x000000070bd00000, 0x000000070bd00000, 0x000000070be00000|  0%| F|  |TAMS 0x000000070bd00000, 0x000000070bd00000| Untracked 
| 190|0x000000070be00000, 0x000000070be00000, 0x000000070bf00000|  0%| F|  |TAMS 0x000000070be00000, 0x000000070be00000| Untracked 
| 191|0x000000070bf00000, 0x000000070bf00000, 0x000000070c000000|  0%| F|  |TAMS 0x000000070bf00000, 0x000000070bf00000| Untracked 
| 192|0x000000070c000000, 0x000000070c000000, 0x000000070c100000|  0%| F|  |TAMS 0x000000070c000000, 0x000000070c000000| Untracked 
| 193|0x000000070c100000, 0x000000070c100000, 0x000000070c200000|  0%| F|  |TAMS 0x000000070c100000, 0x000000070c100000| Untracked 
| 194|0x000000070c200000, 0x000000070c200000, 0x000000070c300000|  0%| F|  |TAMS 0x000000070c200000, 0x000000070c200000| Untracked 
| 195|0x000000070c300000, 0x000000070c300000, 0x000000070c400000|  0%| F|  |TAMS 0x000000070c300000, 0x000000070c300000| Untracked 
| 196|0x000000070c400000, 0x000000070c400000, 0x000000070c500000|  0%| F|  |TAMS 0x000000070c400000, 0x000000070c400000| Untracked 
| 197|0x000000070c500000, 0x000000070c500000, 0x000000070c600000|  0%| F|  |TAMS 0x000000070c500000, 0x000000070c500000| Untracked 
| 198|0x000000070c600000, 0x000000070c600000, 0x000000070c700000|  0%| F|  |TAMS 0x000000070c600000, 0x000000070c600000| Untracked 
| 199|0x000000070c700000, 0x000000070c700000, 0x000000070c800000|  0%| F|  |TAMS 0x000000070c700000, 0x000000070c700000| Untracked 
| 200|0x000000070c800000, 0x000000070c800000, 0x000000070c900000|  0%| F|  |TAMS 0x000000070c800000, 0x000000070c800000| Untracked 
| 201|0x000000070c900000, 0x000000070c900000, 0x000000070ca00000|  0%| F|  |TAMS 0x000000070c900000, 0x000000070c900000| Untracked 
| 202|0x000000070ca00000, 0x000000070ca00000, 0x000000070cb00000|  0%| F|  |TAMS 0x000000070ca00000, 0x000000070ca00000| Untracked 
| 203|0x000000070cb00000, 0x000000070cb00000, 0x000000070cc00000|  0%| F|  |TAMS 0x000000070cb00000, 0x000000070cb00000| Untracked 
| 204|0x000000070cc00000, 0x000000070cc00000, 0x000000070cd00000|  0%| F|  |TAMS 0x000000070cc00000, 0x000000070cc00000| Untracked 
| 205|0x000000070cd00000, 0x000000070cd00000, 0x000000070ce00000|  0%| F|  |TAMS 0x000000070cd00000, 0x000000070cd00000| Untracked 
| 206|0x000000070ce00000, 0x000000070ce00000, 0x000000070cf00000|  0%| F|  |TAMS 0x000000070ce00000, 0x000000070ce00000| Untracked 
| 207|0x000000070cf00000, 0x000000070cf00000, 0x000000070d000000|  0%| F|  |TAMS 0x000000070cf00000, 0x000000070cf00000| Untracked 
| 208|0x000000070d000000, 0x000000070d000000, 0x000000070d100000|  0%| F|  |TAMS 0x000000070d000000, 0x000000070d000000| Untracked 
| 209|0x000000070d100000, 0x000000070d100000, 0x000000070d200000|  0%| F|  |TAMS 0x000000070d100000, 0x000000070d100000| Untracked 
| 210|0x000000070d200000, 0x000000070d200000, 0x000000070d300000|  0%| F|  |TAMS 0x000000070d200000, 0x000000070d200000| Untracked 
| 211|0x000000070d300000, 0x000000070d300000, 0x000000070d400000|  0%| F|  |TAMS 0x000000070d300000, 0x000000070d300000| Untracked 
| 212|0x000000070d400000, 0x000000070d400000, 0x000000070d500000|  0%| F|  |TAMS 0x000000070d400000, 0x000000070d400000| Untracked 
| 213|0x000000070d500000, 0x000000070d500000, 0x000000070d600000|  0%| F|  |TAMS 0x000000070d500000, 0x000000070d500000| Untracked 
| 214|0x000000070d600000, 0x000000070d600000, 0x000000070d700000|  0%| F|  |TAMS 0x000000070d600000, 0x000000070d600000| Untracked 
| 215|0x000000070d700000, 0x000000070d700000, 0x000000070d800000|  0%| F|  |TAMS 0x000000070d700000, 0x000000070d700000| Untracked 
| 216|0x000000070d800000, 0x000000070d800000, 0x000000070d900000|  0%| F|  |TAMS 0x000000070d800000, 0x000000070d800000| Untracked 
| 217|0x000000070d900000, 0x000000070d900000, 0x000000070da00000|  0%| F|  |TAMS 0x000000070d900000, 0x000000070d900000| Untracked 
| 218|0x000000070da00000, 0x000000070da00000, 0x000000070db00000|  0%| F|  |TAMS 0x000000070da00000, 0x000000070da00000| Untracked 
| 219|0x000000070db00000, 0x000000070db00000, 0x000000070dc00000|  0%| F|  |TAMS 0x000000070db00000, 0x000000070db00000| Untracked 
| 220|0x000000070dc00000, 0x000000070dc00000, 0x000000070dd00000|  0%| F|  |TAMS 0x000000070dc00000, 0x000000070dc00000| Untracked 
| 221|0x000000070dd00000, 0x000000070dd00000, 0x000000070de00000|  0%| F|  |TAMS 0x000000070dd00000, 0x000000070dd00000| Untracked 
| 222|0x000000070de00000, 0x000000070de00000, 0x000000070df00000|  0%| F|  |TAMS 0x000000070de00000, 0x000000070de00000| Untracked 
| 223|0x000000070df00000, 0x000000070df00000, 0x000000070e000000|  0%| F|  |TAMS 0x000000070df00000, 0x000000070df00000| Untracked 
| 224|0x000000070e000000, 0x000000070e000000, 0x000000070e100000|  0%| F|  |TAMS 0x000000070e000000, 0x000000070e000000| Untracked 
| 225|0x000000070e100000, 0x000000070e100000, 0x000000070e200000|  0%| F|  |TAMS 0x000000070e100000, 0x000000070e100000| Untracked 
| 226|0x000000070e200000, 0x000000070e200000, 0x000000070e300000|  0%| F|  |TAMS 0x000000070e200000, 0x000000070e200000| Untracked 
| 227|0x000000070e300000, 0x000000070e300000, 0x000000070e400000|  0%| F|  |TAMS 0x000000070e300000, 0x000000070e300000| Untracked 
| 228|0x000000070e400000, 0x000000070e400000, 0x000000070e500000|  0%| F|  |TAMS 0x000000070e400000, 0x000000070e400000| Untracked 
| 229|0x000000070e500000, 0x000000070e500000, 0x000000070e600000|  0%| F|  |TAMS 0x000000070e500000, 0x000000070e500000| Untracked 
| 230|0x000000070e600000, 0x000000070e600000, 0x000000070e700000|  0%| F|  |TAMS 0x000000070e600000, 0x000000070e600000| Untracked 
| 231|0x000000070e700000, 0x000000070e700000, 0x000000070e800000|  0%| F|  |TAMS 0x000000070e700000, 0x000000070e700000| Untracked 
| 232|0x000000070e800000, 0x000000070e800000, 0x000000070e900000|  0%| F|  |TAMS 0x000000070e800000, 0x000000070e800000| Untracked 
| 233|0x000000070e900000, 0x000000070e900000, 0x000000070ea00000|  0%| F|  |TAMS 0x000000070e900000, 0x000000070e900000| Untracked 
| 234|0x000000070ea00000, 0x000000070ea7b630, 0x000000070eb00000| 48%| E|  |TAMS 0x000000070ea00000, 0x000000070ea00000| Complete 
| 235|0x000000070eb00000, 0x000000070ec00000, 0x000000070ec00000|100%| E|CS|TAMS 0x000000070eb00000, 0x000000070eb00000| Complete 
| 236|0x000000070ec00000, 0x000000070ed00000, 0x000000070ed00000|100%| E|CS|TAMS 0x000000070ec00000, 0x000000070ec00000| Complete 
| 237|0x000000070ed00000, 0x000000070ee00000, 0x000000070ee00000|100%| E|CS|TAMS 0x000000070ed00000, 0x000000070ed00000| Complete 
| 238|0x000000070ee00000, 0x000000070ef00000, 0x000000070ef00000|100%| E|CS|TAMS 0x000000070ee00000, 0x000000070ee00000| Complete 
| 239|0x000000070ef00000, 0x000000070f000000, 0x000000070f000000|100%| E|CS|TAMS 0x000000070ef00000, 0x000000070ef00000| Complete 
| 240|0x000000070f000000, 0x000000070f100000, 0x000000070f100000|100%| E|CS|TAMS 0x000000070f000000, 0x000000070f000000| Complete 
| 241|0x000000070f100000, 0x000000070f200000, 0x000000070f200000|100%| E|CS|TAMS 0x000000070f100000, 0x000000070f100000| Complete 
| 242|0x000000070f200000, 0x000000070f300000, 0x000000070f300000|100%| E|CS|TAMS 0x000000070f200000, 0x000000070f200000| Complete 
| 243|0x000000070f300000, 0x000000070f400000, 0x000000070f400000|100%| E|CS|TAMS 0x000000070f300000, 0x000000070f300000| Complete 
| 244|0x000000070f400000, 0x000000070f500000, 0x000000070f500000|100%| E|CS|TAMS 0x000000070f400000, 0x000000070f400000| Complete 
| 245|0x000000070f500000, 0x000000070f600000, 0x000000070f600000|100%| E|CS|TAMS 0x000000070f500000, 0x000000070f500000| Complete 
| 246|0x000000070f600000, 0x000000070f700000, 0x000000070f700000|100%| E|CS|TAMS 0x000000070f600000, 0x000000070f600000| Complete 
| 247|0x000000070f700000, 0x000000070f800000, 0x000000070f800000|100%| E|CS|TAMS 0x000000070f700000, 0x000000070f700000| Complete 
| 248|0x000000070f800000, 0x000000070f900000, 0x000000070f900000|100%| E|CS|TAMS 0x000000070f800000, 0x000000070f800000| Complete 
| 249|0x000000070f900000, 0x000000070fa00000, 0x000000070fa00000|100%| E|CS|TAMS 0x000000070f900000, 0x000000070f900000| Complete 
| 250|0x000000070fa00000, 0x000000070fb00000, 0x000000070fb00000|100%| E|CS|TAMS 0x000000070fa00000, 0x000000070fa00000| Complete 
| 251|0x000000070fb00000, 0x000000070fc00000, 0x000000070fc00000|100%| E|CS|TAMS 0x000000070fb00000, 0x000000070fb00000| Complete 
| 252|0x000000070fc00000, 0x000000070fd00000, 0x000000070fd00000|100%| E|  |TAMS 0x000000070fc00000, 0x000000070fc00000| Complete 
| 253|0x000000070fd00000, 0x000000070fe00000, 0x000000070fe00000|100%| E|CS|TAMS 0x000000070fd00000, 0x000000070fd00000| Complete 
| 254|0x000000070fe00000, 0x000000070ff00000, 0x000000070ff00000|100%| E|CS|TAMS 0x000000070fe00000, 0x000000070fe00000| Complete 
| 255|0x000000070ff00000, 0x0000000710000000, 0x0000000710000000|100%| E|CS|TAMS 0x000000070ff00000, 0x000000070ff00000| Complete 

Card table byte_map: [0x00000001031d4000,0x00000001039d4000] _byte_map_base: 0x00000000ff9d4000

Marking Bits (Prev, Next): (CMBitMap*) 0x00007f9df680a618, (CMBitMap*) 0x00007f9df680a650
 Prev Bits: [0x0000000124ecd000, 0x0000000128ecd000)
 Next Bits: [0x0000000128ecd000, 0x000000012cecd000)

Polling page: 0x000000010279c000

Metaspace:

Usage:
  Non-class:      6.86 MB capacity,     6.79 MB (>99%) used,    61.17 KB ( <1%) free+waste,     5.25 KB ( <1%) overhead. 
      Class:    708.00 KB capacity,   670.77 KB ( 95%) used,    34.85 KB (  5%) free+waste,     2.38 KB ( <1%) overhead. 
       Both:      7.55 MB capacity,     7.45 MB ( 99%) used,    96.02 KB (  1%) free+waste,     7.62 KB ( <1%) overhead. 

Virtual space:
  Non-class space:        8.00 MB reserved,       7.00 MB ( 88%) committed 
      Class space:        1.00 GB reserved,     768.00 KB ( <1%) committed 
             Both:        1.01 GB reserved,       7.75 MB ( <1%) committed 

Chunk freelists:
   Non-Class:  32.00 KB
       Class:  28.00 KB
        Both:  60.00 KB

MaxMetaspaceSize: unlimited
CompressedClassSpaceSize: 1.00 GB

CodeHeap 'non-profiled nmethods': size=120032Kb used=187Kb max_used=187Kb free=119844Kb
 bounds [0x000000011d995000, 0x000000011dc05000, 0x0000000124ecd000]
CodeHeap 'profiled nmethods': size=120028Kb used=925Kb max_used=925Kb free=119102Kb
 bounds [0x000000011645e000, 0x00000001166ce000, 0x000000011d995000]
CodeHeap 'non-nmethods': size=5700Kb used=1061Kb max_used=1090Kb free=4638Kb
 bounds [0x0000000115ecd000, 0x000000011613d000, 0x000000011645e000]
 total_blobs=927 nmethods=558 adapters=282
 compilation: enabled
              stopped_count=0, restarted_count=0
 full_count=0

Compilation events (20 events):
Event: 0.213 Thread 0x00007f9df4027800  551       3       java.lang.String::toLowerCase (8 bytes)
Event: 0.214 Thread 0x00007f9df4027800 nmethod 551 0x000000011653f710 code [0x000000011653f900, 0x000000011653fc50]
Event: 0.214 Thread 0x00007f9df4027800  552       3       java.util.Locale::getDefault (4 bytes)
Event: 0.214 Thread 0x00007f9df4027800 nmethod 552 0x000000011653fd90 code [0x000000011653ff40, 0x0000000116540030]
Event: 0.214 Thread 0x00007f9df4027800  553       3       java.util.zip.ZipUtils::get32 (23 bytes)
Event: 0.214 Thread 0x00007f9df4027800 nmethod 553 0x0000000116540090 code [0x0000000116540260, 0x00000001165404d0]
Event: 0.214 Thread 0x00007f9df4027800  547       3       jdk.internal.ref.CleanerFactory::cleaner (4 bytes)
Event: 0.214 Thread 0x00007f9df4027800 nmethod 547 0x0000000116540610 code [0x00000001165407c0, 0x00000001165408b0]
Event: 0.214 Thread 0x00007f9df4027800  550       1       java.util.zip.ZipEntry::getName (5 bytes)
Event: 0.214 Thread 0x00007f9df4027800 nmethod 550 0x000000011d9b8c90 code [0x000000011d9b8e40, 0x000000011d9b8ef0]
Event: 0.215 Thread 0x00007f9df4027800  554   !   3       jdk.internal.loader.URLClassPath$FileLoader::getResource (164 bytes)
Event: 0.216 Thread 0x00007f9df4027800 nmethod 554 0x0000000116540910 code [0x0000000116540ce0, 0x00000001165425b0]
Event: 0.220 Thread 0x00007f9df4027800  555       3       java.util.concurrent.ConcurrentHashMap$EntryIterator::next (5 bytes)
Event: 0.220 Thread 0x00007f9df4027800 nmethod 555 0x0000000116543190 code [0x0000000116543340, 0x0000000116543460]
Event: 0.220 Thread 0x00007f9df4027800  556       3       java.util.concurrent.ConcurrentHashMap$EntryIterator::next (51 bytes)
Event: 0.220 Thread 0x00007f9df4027800 nmethod 556 0x0000000116543510 code [0x0000000116543700, 0x0000000116543bd0]
Event: 0.220 Thread 0x00007f9df4027800  557       3       java.nio.ByteBuffer::arrayOffset (35 bytes)
Event: 0.220 Thread 0x00007f9df4027800 nmethod 557 0x0000000116543d90 code [0x0000000116543f60, 0x00000001165441d0]
Event: 0.221 Thread 0x00007f9df4027800  558       3       java.lang.String::concat (115 bytes)
Event: 0.222 Thread 0x00007f9df4027800 nmethod 558 0x0000000116544310 code [0x00000001165445a0, 0x0000000116545240]

GC Heap History (0 events):
No events

Deoptimization events (20 events):
Event: 0.135 Thread 0x00007f9df4012000 DEOPT PACKING pc=0x0000000116495684 sp=0x00007000052a5380
Event: 0.135 Thread 0x00007f9df4012000 DEOPT UNPACKING pc=0x0000000115ef35ba sp=0x00007000052a4810 mode 0
Event: 0.142 Thread 0x00007f9df4012000 DEOPT PACKING pc=0x000000011649393a sp=0x00007000052a5350
Event: 0.142 Thread 0x00007f9df4012000 DEOPT UNPACKING pc=0x0000000115ef35ba sp=0x00007000052a47d8 mode 0
Event: 0.143 Thread 0x00007f9df4012000 DEOPT PACKING pc=0x00000001164830cf sp=0x00007000052a5310
Event: 0.143 Thread 0x00007f9df4012000 DEOPT UNPACKING pc=0x0000000115ef35ba sp=0x00007000052a47d0 mode 0
Event: 0.144 Thread 0x00007f9df4012000 DEOPT PACKING pc=0x00000001164830cf sp=0x00007000052a5300
Event: 0.144 Thread 0x00007f9df4012000 DEOPT UNPACKING pc=0x0000000115ef35ba sp=0x00007000052a47a8 mode 0
Event: 0.145 Thread 0x00007f9df4012000 DEOPT PACKING pc=0x00000001164830cf sp=0x00007000052a52d0
Event: 0.145 Thread 0x00007f9df4012000 DEOPT UNPACKING pc=0x0000000115ef35ba sp=0x00007000052a4778 mode 0
Event: 0.145 Thread 0x00007f9df4012000 DEOPT PACKING pc=0x00000001164830cf sp=0x00007000052a5300
Event: 0.145 Thread 0x00007f9df4012000 DEOPT UNPACKING pc=0x0000000115ef35ba sp=0x00007000052a47a8 mode 0
Event: 0.145 Thread 0x00007f9df4012000 DEOPT PACKING pc=0x00000001164830cf sp=0x00007000052a5300
Event: 0.145 Thread 0x00007f9df4012000 DEOPT UNPACKING pc=0x0000000115ef35ba sp=0x00007000052a47a8 mode 0
Event: 0.145 Thread 0x00007f9df4012000 DEOPT PACKING pc=0x00000001164830cf sp=0x00007000052a5300
Event: 0.145 Thread 0x00007f9df4012000 DEOPT UNPACKING pc=0x0000000115ef35ba sp=0x00007000052a47a8 mode 0
Event: 0.147 Thread 0x00007f9df4012000 Uncommon trap: trap_request=0xffffffc6 fr.pc=0x000000011d9ab3fc relative=0x000000000000039c
Event: 0.147 Thread 0x00007f9df4012000 Uncommon trap: reason=bimorphic_or_optimized_type_check action=maybe_recompile pc=0x000000011d9ab3fc method=java.util.HashMap.getNode(ILjava/lang/Object;)Ljava/util/HashMap$Node; @ 126 c2
Event: 0.147 Thread 0x00007f9df4012000 DEOPT PACKING pc=0x000000011d9ab3fc sp=0x00007000052a5330
Event: 0.147 Thread 0x00007f9df4012000 DEOPT UNPACKING pc=0x0000000115ef37a5 sp=0x00007000052a52c8 mode 2

Classes redefined (0 events):
No events

Internal exceptions (20 events):
Event: 0.108 Thread 0x00007f9df4012000 Exception <a 'java/lang/NoSuchMethodError'{0x000000070fd74c58}: 'int java.lang.invoke.DirectMethodHandle$Holder.invokeStaticInit(java.lang.Object, java.lang.Object, java.lang.Object, java.lang.Object)'> (0x000000070fd74c58) thrown at [./src/hotspot/share/interpreter/linkResolver.cpp, line 773]
Event: 0.110 Thread 0x00007f9df4012000 Exception <a 'java/lang/IncompatibleClassChangeError'{0x000000070fd7f748}: Found class java.lang.Object, but interface was expected> (0x000000070fd7f748) thrown at [./src/hotspot/share/interpreter/linkResolver.cpp, line 839]
Event: 0.110 Thread 0x00007f9df4012000 Exception <a 'java/lang/NoSuchMethodError'{0x000000070fd82a08}: 'void java.lang.invoke.DirectMethodHandle$Holder.invokeStaticInit(java.lang.Object, java.lang.Object)'> (0x000000070fd82a08) thrown at [./src/hotspot/share/interpreter/linkResolver.cpp, line 773]
Event: 0.111 Thread 0x00007f9df4012000 Exception <a 'java/lang/NoSuchMethodError'{0x000000070fd88ce0}: 'int java.lang.invoke.DirectMethodHandle$Holder.invokeStaticInit(java.lang.Object, java.lang.Object)'> (0x000000070fd88ce0) thrown at [./src/hotspot/share/interpreter/linkResolver.cpp, line 773]
Event: 0.136 Thread 0x00007f9df4012000 Exception <a 'java/security/PrivilegedActionException'{0x000000070fc6de00}> (0x000000070fc6de00) thrown at [./src/hotspot/share/prims/jvm.cpp, line 1305]
Event: 0.136 Thread 0x00007f9df4012000 Exception <a 'java/security/PrivilegedActionException'{0x000000070fc6e0d0}> (0x000000070fc6e0d0) thrown at [./src/hotspot/share/prims/jvm.cpp, line 1305]
Event: 0.139 Thread 0x00007f9df4012000 Exception <a 'java/security/PrivilegedActionException'{0x000000070fcd73b8}> (0x000000070fcd73b8) thrown at [./src/hotspot/share/prims/jvm.cpp, line 1305]
Event: 0.139 Thread 0x00007f9df4012000 Exception <a 'java/security/PrivilegedActionException'{0x000000070fcd7688}> (0x000000070fcd7688) thrown at [./src/hotspot/share/prims/jvm.cpp, line 1305]
Event: 0.139 Thread 0x00007f9df4012000 Exception <a 'java/security/PrivilegedActionException'{0x000000070fcd8210}> (0x000000070fcd8210) thrown at [./src/hotspot/share/prims/jvm.cpp, line 1305]
Event: 0.139 Thread 0x00007f9df4012000 Exception <a 'java/security/PrivilegedActionException'{0x000000070fcd84e0}> (0x000000070fcd84e0) thrown at [./src/hotspot/share/prims/jvm.cpp, line 1305]
Event: 0.139 Thread 0x00007f9df4012000 Exception <a 'java/security/PrivilegedActionException'{0x000000070fcd9070}> (0x000000070fcd9070) thrown at [./src/hotspot/share/prims/jvm.cpp, line 1305]
Event: 0.139 Thread 0x00007f9df4012000 Exception <a 'java/security/PrivilegedActionException'{0x000000070fcd9340}> (0x000000070fcd9340) thrown at [./src/hotspot/share/prims/jvm.cpp, line 1305]
Event: 0.139 Thread 0x00007f9df4012000 Exception <a 'java/security/PrivilegedActionException'{0x000000070fcd9ee8}> (0x000000070fcd9ee8) thrown at [./src/hotspot/share/prims/jvm.cpp, line 1305]
Event: 0.139 Thread 0x00007f9df4012000 Exception <a 'java/security/PrivilegedActionException'{0x000000070fcda1b8}> (0x000000070fcda1b8) thrown at [./src/hotspot/share/prims/jvm.cpp, line 1305]
Event: 0.139 Thread 0x00007f9df4012000 Exception <a 'java/security/PrivilegedActionException'{0x000000070fcdad48}> (0x000000070fcdad48) thrown at [./src/hotspot/share/prims/jvm.cpp, line 1305]
Event: 0.139 Thread 0x00007f9df4012000 Exception <a 'java/security/PrivilegedActionException'{0x000000070fcdb018}> (0x000000070fcdb018) thrown at [./src/hotspot/share/prims/jvm.cpp, line 1305]
Event: 0.139 Thread 0x00007f9df4012000 Exception <a 'java/security/PrivilegedActionException'{0x000000070fcdbbc8}> (0x000000070fcdbbc8) thrown at [./src/hotspot/share/prims/jvm.cpp, line 1305]
Event: 0.139 Thread 0x00007f9df4012000 Exception <a 'java/security/PrivilegedActionException'{0x000000070fcdbe98}> (0x000000070fcdbe98) thrown at [./src/hotspot/share/prims/jvm.cpp, line 1305]
Event: 0.140 Thread 0x00007f9df4012000 Exception <a 'java/security/PrivilegedActionException'{0x000000070fce5278}> (0x000000070fce5278) thrown at [./src/hotspot/share/prims/jvm.cpp, line 1305]
Event: 0.140 Thread 0x00007f9df4012000 Exception <a 'java/security/PrivilegedActionException'{0x000000070fce5548}> (0x000000070fce5548) thrown at [./src/hotspot/share/prims/jvm.cpp, line 1305]

Events (20 events):
Event: 0.214 loading class org/bytedeco/llvm/LLVM/LLVMErrorRef
Event: 0.214 loading class org/bytedeco/llvm/LLVM/LLVMErrorRef done
Event: 0.214 loading class org/bytedeco/llvm/LLVM/LLVMRemarkStringRef
Event: 0.214 loading class org/bytedeco/llvm/LLVM/LLVMRemarkStringRef done
Event: 0.214 loading class org/bytedeco/llvm/LLVM/LLVMRemarkDebugLocRef
Event: 0.214 loading class org/bytedeco/llvm/LLVM/LLVMRemarkDebugLocRef done
Event: 0.214 loading class org/bytedeco/llvm/LLVM/LLVMRemarkArgRef
Event: 0.214 loading class org/bytedeco/llvm/LLVM/LLVMRemarkArgRef done
Event: 0.215 loading class org/bytedeco/llvm/LLVM/LLVMRemarkParserRef
Event: 0.215 loading class org/bytedeco/llvm/LLVM/LLVMRemarkParserRef done
Event: 0.215 loading class org/bytedeco/llvm/LLVM/LLVMRemarkEntryRef
Event: 0.215 loading class org/bytedeco/llvm/LLVM/LLVMRemarkEntryRef done
Event: 0.215 loading class org/bytedeco/llvm/LLVM/LLVMPassManagerBuilderRef
Event: 0.215 loading class org/bytedeco/llvm/LLVM/LLVMPassManagerBuilderRef done
Event: 0.215 loading class org/bytedeco/llvm/LLVM/Pass
Event: 0.215 loading class org/bytedeco/llvm/LLVM/Pass done
Event: 0.220 loading class org/bytedeco/javacpp/PointerScope
Event: 0.220 loading class org/bytedeco/javacpp/PointerScope done
Event: 0.221 loading class org/bytedeco/javacpp/PointerScope$1
Event: 0.221 loading class org/bytedeco/javacpp/PointerScope$1 done


Dynamic libraries:
0x00007fff34fd3000 	/System/Library/Frameworks/Cocoa.framework/Versions/A/Cocoa
0x00007fff221f8000 	/System/Library/Frameworks/Security.framework/Versions/A/Security
0x00007fff331d0000 	/System/Library/Frameworks/ApplicationServices.framework/Versions/A/ApplicationServices
0x00007fff2a481000 	/usr/lib/libz.1.dylib
0x0000000101943000 	/Library/Java/JavaVirtualMachines/adoptopenjdk-11.jdk/Contents/Home/lib/jli/libjli.dylib
0x00007fff2a549000 	/usr/lib/libSystem.B.dylib
0x00007fff22c1f000 	/System/Library/Frameworks/AppKit.framework/Versions/C/AppKit
0x00007fff25ab7000 	/System/Library/Frameworks/CoreData.framework/Versions/A/CoreData
0x00007fff2116b000 	/System/Library/Frameworks/Foundation.framework/Versions/C/Foundation
0x00007fff23982000 	/System/Library/PrivateFrameworks/UIFoundation.framework/Versions/A/UIFoundation
0x00007fff2fbaf000 	/System/Library/PrivateFrameworks/RemoteViewServices.framework/Versions/A/RemoteViewServices
0x00007fff289a8000 	/System/Library/PrivateFrameworks/XCTTargetBootstrap.framework/Versions/A/XCTTargetBootstrap
0x00007fff2b689000 	/usr/lib/libspindump.dylib
0x00007fff23bd7000 	/System/Library/Frameworks/UniformTypeIdentifiers.framework/Versions/A/UniformTypeIdentifiers
0x00007fff2717e000 	/usr/lib/libapp_launch_measurement.dylib
0x00007fff27181000 	/System/Library/PrivateFrameworks/CoreAutoLayout.framework/Versions/A/CoreAutoLayout
0x00007fff2830a000 	/System/Library/Frameworks/Metal.framework/Versions/A/Metal
0x00007fff28ffa000 	/usr/lib/liblangid.dylib
0x00007fff289ac000 	/System/Library/PrivateFrameworks/CoreSVG.framework/Versions/A/CoreSVG
0x00007fff24bbe000 	/System/Library/PrivateFrameworks/SkyLight.framework/Versions/A/SkyLight
0x00007fff24f25000 	/System/Library/Frameworks/CoreGraphics.framework/Versions/A/CoreGraphics
0x00007fff30206000 	/System/Library/Frameworks/Accelerate.framework/Versions/A/Accelerate
0x00007fff2b0c4000 	/System/Library/PrivateFrameworks/IconServices.framework/Versions/A/IconServices
0x00007fff282ef000 	/System/Library/Frameworks/IOSurface.framework/Versions/A/IOSurface
0x00007fff26440000 	/usr/lib/libDiagnosticMessagesClient.dylib
0x00007fff28994000 	/System/Library/PrivateFrameworks/DFRFoundation.framework/Versions/A/DFRFoundation
0x00007fff2254a000 	/usr/lib/libicucore.A.dylib
0x00007fff2cbd0000 	/System/Library/Frameworks/AudioToolbox.framework/Versions/A/AudioToolbox
0x00007fff2be75000 	/System/Library/PrivateFrameworks/DataDetectorsCore.framework/Versions/A/DataDetectorsCore
0x00007fff28694000 	/System/Library/Frameworks/Carbon.framework/Versions/A/Frameworks/HIToolbox.framework/Versions/A/HIToolbox
0x00007fff26bd9000 	/System/Library/Frameworks/QuartzCore.framework/Versions/A/QuartzCore
0x00007fff2fbeb000 	/System/Library/Frameworks/Carbon.framework/Versions/A/Frameworks/SpeechRecognition.framework/Versions/A/SpeechRecognition
0x00007fff26ee6000 	/System/Library/PrivateFrameworks/CoreUI.framework/Versions/A/CoreUI
0x00007fff21b53000 	/System/Library/Frameworks/CoreAudio.framework/Versions/A/CoreAudio
0x00007fff2652b000 	/System/Library/Frameworks/DiskArbitration.framework/Versions/A/DiskArbitration
0x00007fff2ba84000 	/System/Library/PrivateFrameworks/MultitouchSupport.framework/Versions/A/MultitouchSupport
0x00007fff2be6c000 	/System/Library/PrivateFrameworks/InternationalSupport.framework/Versions/A/InternationalSupport
0x00007fff24b32000 	/usr/lib/libenergytrace.dylib
0x00007fff22b18000 	/System/Library/Frameworks/IOKit.framework/Versions/A/IOKit
0x00007fff2ff38000 	/System/Library/Frameworks/CoreServices.framework/Versions/A/CoreServices
0x00007fff27114000 	/System/Library/PrivateFrameworks/PerformanceAnalysis.framework/Versions/A/PerformanceAnalysis
0x00007fff6c8a1000 	/System/Library/Frameworks/OpenGL.framework/Versions/A/OpenGL
0x00007fff2bef1000 	/System/Library/PrivateFrameworks/UserActivity.framework/Versions/A/UserActivity
0x00007fff201de000 	/usr/lib/libobjc.A.dylib
0x00007fff255b9000 	/System/Library/Frameworks/ColorSync.framework/Versions/A/ColorSync
0x00007fff203be000 	/System/Library/Frameworks/CoreFoundation.framework/Versions/A/CoreFoundation
0x00007fff28c11000 	/System/Library/Frameworks/CoreImage.framework/Versions/A/CoreImage
0x00007fff2196a000 	/System/Library/Frameworks/CoreText.framework/Versions/A/CoreText
0x00007fff289d6000 	/System/Library/Frameworks/ImageIO.framework/Versions/A/ImageIO
0x00007fff2a54f000 	/System/Library/PrivateFrameworks/SoftLinking.framework/Versions/A/SoftLinking
0x00007fff271ca000 	/usr/lib/libxml2.2.dylib
0x00007fff202a3000 	/usr/lib/libc++.1.dylib
0x00007fff2a7c1000 	/usr/lib/libcompression.dylib
0x00007fff24b33000 	/usr/lib/libMobileGestalt.dylib
0x00007fff2bd9f000 	/System/Library/PrivateFrameworks/TextureIO.framework/Versions/A/TextureIO
0x00007fff2ade7000 	/usr/lib/libate.dylib
0x00007fff2a543000 	/usr/lib/system/libcache.dylib
0x00007fff2a4ff000 	/usr/lib/system/libcommonCrypto.dylib
0x00007fff2a529000 	/usr/lib/system/libcompiler_rt.dylib
0x00007fff2a51e000 	/usr/lib/system/libcopyfile.dylib
0x00007fff200cc000 	/usr/lib/system/libcorecrypto.dylib
0x00007fff20199000 	/usr/lib/system/libdispatch.dylib
0x00007fff2034d000 	/usr/lib/system/libdyld.dylib
0x00007fff2a53a000 	/usr/lib/system/libkeymgr.dylib
0x00007fff2d982000 	/usr/lib/system/liblaunch.dylib
0x00007fff2a4dd000 	/usr/lib/system/libmacho.dylib
0x00007fff29cf7000 	/usr/lib/system/libquarantine.dylib
0x00007fff2a537000 	/usr/lib/system/libremovefile.dylib
0x00007fff24b8f000 	/usr/lib/system/libsystem_asl.dylib
0x00007fff2007c000 	/usr/lib/system/libsystem_blocks.dylib
0x00007fff2021a000 	/usr/lib/system/libsystem_c.dylib
0x00007fff2a531000 	/usr/lib/system/libsystem_collections.dylib
0x00007fff28feb000 	/usr/lib/system/libsystem_configuration.dylib
0x00007fff282de000 	/usr/lib/system/libsystem_containermanager.dylib
0x00007fff2a279000 	/usr/lib/system/libsystem_coreservices.dylib
0x00007fff227ac000 	/usr/lib/system/libsystem_darwin.dylib
0x00007fff2a53b000 	/usr/lib/system/libsystem_dnssd.dylib
0x00007fff20217000 	/usr/lib/system/libsystem_featureflags.dylib
0x00007fff20392000 	/usr/lib/system/libsystem_info.dylib
0x00007fff2a494000 	/usr/lib/system/libsystem_m.dylib
0x00007fff2016c000 	/usr/lib/system/libsystem_malloc.dylib
0x00007fff24b23000 	/usr/lib/system/libsystem_networkextension.dylib
0x00007fff22bc7000 	/usr/lib/system/libsystem_notify.dylib
0x00007fff2fe36000 	/usr/lib/system/libsystem_product_info_filter.dylib
0x00007fff28fef000 	/usr/lib/system/libsystem_sandbox.dylib
0x00007fff2a534000 	/usr/lib/system/libsystem_secinit.dylib
0x00007fff20312000 	/usr/lib/system/libsystem_kernel.dylib
0x00007fff20388000 	/usr/lib/system/libsystem_platform.dylib
0x00007fff20341000 	/usr/lib/system/libsystem_pthread.dylib
0x00007fff2628e000 	/usr/lib/system/libsystem_symptoms.dylib
0x00007fff200b4000 	/usr/lib/system/libsystem_trace.dylib
0x00007fff2a50b000 	/usr/lib/system/libunwind.dylib
0x00007fff2007e000 	/usr/lib/system/libxpc.dylib
0x00007fff202f9000 	/usr/lib/libc++abi.dylib
0x00007fff2a516000 	/usr/lib/liboah.dylib
0x00007fff2abcc000 	/usr/lib/liblzma.5.dylib
0x00007fff20e7f000 	/System/Library/Frameworks/SystemConfiguration.framework/Versions/A/SystemConfiguration
0x00007fff2a54b000 	/usr/lib/libfakelink.dylib
0x00007fff24685000 	/System/Library/Frameworks/CFNetwork.framework/Versions/A/CFNetwork
0x00007fff2a68b000 	/usr/lib/libarchive.2.dylib
0x00007fff20efd000 	/usr/lib/libCRFSuite.dylib
0x00007fff29d1e000 	/usr/lib/libbsm.0.dylib
0x00007fff24041000 	/usr/lib/libnetwork.dylib
0x00007fff2a550000 	/usr/lib/libpcap.A.dylib
0x00007fff26287000 	/usr/lib/libdns_services.dylib
0x00007fff2abe5000 	/usr/lib/libcoretls_cfhelpers.dylib
0x00007fff2a78f000 	/usr/lib/libapple_nghttp2.dylib
0x00007fff2a4e3000 	/usr/lib/system/libkxld.dylib
0x00007fff25eed000 	/usr/lib/libsqlite3.dylib
0x00007fff2a25b000 	/System/Library/PrivateFrameworks/AppleFSCompression.framework/Versions/A/AppleFSCompression
0x00007fff29d06000 	/usr/lib/libcoretls.dylib
0x00007fff2a7bc000 	/usr/lib/libpam.2.dylib
0x00007fff2ace2000 	/usr/lib/libxar.1.dylib
0x00007fff28ff6000 	/System/Library/PrivateFrameworks/AppleSystemInfo.framework/Versions/A/AppleSystemInfo
0x00007fff29949000 	/System/Library/PrivateFrameworks/IOMobileFramebuffer.framework/Versions/A/IOMobileFramebuffer
0x00007fff2a26b000 	/usr/lib/libbz2.1.0.dylib
0x00007fff2a588000 	/usr/lib/libiconv.2.dylib
0x00007fff2a4dc000 	/usr/lib/libcharset.1.dylib
0x00007fff27150000 	/System/Library/Frameworks/CoreServices.framework/Versions/A/Frameworks/FSEvents.framework/Versions/A/FSEvents
0x00007fff227b6000 	/System/Library/Frameworks/CoreServices.framework/Versions/A/Frameworks/CarbonCore.framework/Versions/A/CarbonCore
0x00007fff26490000 	/System/Library/Frameworks/CoreServices.framework/Versions/A/Frameworks/Metadata.framework/Versions/A/Metadata
0x00007fff2a27e000 	/System/Library/Frameworks/CoreServices.framework/Versions/A/Frameworks/OSServices.framework/Versions/A/OSServices
0x00007fff2a6fd000 	/System/Library/Frameworks/CoreServices.framework/Versions/A/Frameworks/SearchKit.framework/Versions/A/SearchKit
0x00007fff26211000 	/System/Library/Frameworks/CoreServices.framework/Versions/A/Frameworks/AE.framework/Versions/A/AE
0x00007fff2085a000 	/System/Library/Frameworks/CoreServices.framework/Versions/A/Frameworks/LaunchServices.framework/Versions/A/LaunchServices
0x00007fff2ab7d000 	/System/Library/Frameworks/CoreServices.framework/Versions/A/Frameworks/DictionaryServices.framework/Versions/A/DictionaryServices
0x00007fff27159000 	/System/Library/Frameworks/CoreServices.framework/Versions/A/Frameworks/SharedFileList.framework/Versions/A/SharedFileList
0x00007fff29cfa000 	/usr/lib/libCheckFix.dylib
0x00007fff24ba6000 	/System/Library/PrivateFrameworks/TCC.framework/Versions/A/TCC
0x00007fff28ffc000 	/System/Library/PrivateFrameworks/CoreNLP.framework/Versions/A/CoreNLP
0x00007fff26443000 	/System/Library/PrivateFrameworks/MetadataUtilities.framework/Versions/A/MetadataUtilities
0x00007fff20f33000 	/usr/lib/libmecabra.dylib
0x00007fff2a00d000 	/System/Library/Frameworks/MLCompute.framework/Versions/A/MLCompute
0x00007fff29d2f000 	/usr/lib/libmecab.dylib
0x00007fff29d79000 	/usr/lib/libgermantok.dylib
0x00007fff2a765000 	/usr/lib/libThaiTokenizer.dylib
0x00007fff2ad1d000 	/usr/lib/libChineseTokenizer.dylib
0x00007fff2a7ba000 	/System/Library/Frameworks/MetalPerformanceShaders.framework/Versions/A/MetalPerformanceShaders
0x00007fff26532000 	/System/Library/Frameworks/Accelerate.framework/Versions/A/Frameworks/vImage.framework/Versions/A/vImage
0x00007fff2ff11000 	/System/Library/Frameworks/Accelerate.framework/Versions/A/Frameworks/vecLib.framework/Versions/A/vecLib
0x00007fff2ad28000 	/System/Library/Frameworks/Accelerate.framework/Versions/A/Frameworks/vecLib.framework/Versions/A/libvMisc.dylib
0x00007fff29762000 	/System/Library/Frameworks/Accelerate.framework/Versions/A/Frameworks/vecLib.framework/Versions/A/libvDSP.dylib
0x00007fff20b5e000 	/System/Library/Frameworks/Accelerate.framework/Versions/A/Frameworks/vecLib.framework/Versions/A/libBLAS.dylib
0x00007fff2a7e0000 	/System/Library/Frameworks/Accelerate.framework/Versions/A/Frameworks/vecLib.framework/Versions/A/libLAPACK.dylib
0x00007fff29d7f000 	/System/Library/Frameworks/Accelerate.framework/Versions/A/Frameworks/vecLib.framework/Versions/A/libLinearAlgebra.dylib
0x00007fff2a7a7000 	/System/Library/Frameworks/Accelerate.framework/Versions/A/Frameworks/vecLib.framework/Versions/A/libSparseBLAS.dylib
0x00007fff2a7da000 	/System/Library/Frameworks/Accelerate.framework/Versions/A/Frameworks/vecLib.framework/Versions/A/libQuadrature.dylib
0x00007fff290a4000 	/System/Library/Frameworks/Accelerate.framework/Versions/A/Frameworks/vecLib.framework/Versions/A/libBNNS.dylib
0x00007fff20e10000 	/System/Library/Frameworks/Accelerate.framework/Versions/A/Frameworks/vecLib.framework/Versions/A/libSparse.dylib
0x00007fff28f8f000 	/System/Library/Frameworks/MetalPerformanceShaders.framework/Versions/A/Frameworks/MPSCore.framework/Versions/A/MPSCore
0x00007fff2a1ca000 	/System/Library/Frameworks/MetalPerformanceShaders.framework/Versions/A/Frameworks/MPSImage.framework/Versions/A/MPSImage
0x00007fff29d95000 	/System/Library/Frameworks/MetalPerformanceShaders.framework/Versions/A/Frameworks/MPSNeuralNetwork.framework/Versions/A/MPSNeuralNetwork
0x00007fff2a155000 	/System/Library/Frameworks/MetalPerformanceShaders.framework/Versions/A/Frameworks/MPSMatrix.framework/Versions/A/MPSMatrix
0x00007fff29fbd000 	/System/Library/Frameworks/MetalPerformanceShaders.framework/Versions/A/Frameworks/MPSRayIntersector.framework/Versions/A/MPSRayIntersector
0x00007fff2a18c000 	/System/Library/Frameworks/MetalPerformanceShaders.framework/Versions/A/Frameworks/MPSNDArray.framework/Versions/A/MPSNDArray
0x00007fff20a8a000 	/System/Library/PrivateFrameworks/MetalTools.framework/Versions/A/MetalTools
0x00007fff28ff4000 	/System/Library/PrivateFrameworks/AggregateDictionary.framework/Versions/A/AggregateDictionary
0x00007fff2641b000 	/System/Library/PrivateFrameworks/CoreAnalytics.framework/Versions/A/CoreAnalytics
0x00007fff2a767000 	/System/Library/PrivateFrameworks/AppleSauce.framework/Versions/A/AppleSauce
0x00007fff28301000 	/System/Library/PrivateFrameworks/IOAccelerator.framework/Versions/A/IOAccelerator
0x00007fff6c895000 	/System/Library/Frameworks/OpenGL.framework/Versions/A/Libraries/libCoreFSCache.dylib
0x00007fff214cf000 	/System/Library/PrivateFrameworks/LanguageModeling.framework/Versions/A/LanguageModeling
0x00007fff29936000 	/System/Library/PrivateFrameworks/CoreEmoji.framework/Versions/A/CoreEmoji
0x00007fff2909d000 	/System/Library/PrivateFrameworks/LinguisticData.framework/Versions/A/LinguisticData
0x00007fff20dc2000 	/System/Library/PrivateFrameworks/Lexicon.framework/Versions/A/Lexicon
0x00007fff2a679000 	/usr/lib/libcmph.dylib
0x00007fff27130000 	/System/Library/Frameworks/OpenDirectory.framework/Versions/A/Frameworks/CFOpenDirectory.framework/Versions/A/CFOpenDirectory
0x00007fff27120000 	/System/Library/Frameworks/OpenDirectory.framework/Versions/A/OpenDirectory
0x00007fff2abe7000 	/System/Library/PrivateFrameworks/APFS.framework/Versions/A/APFS
0x00007fff29c5b000 	/System/Library/Frameworks/SecurityFoundation.framework/Versions/A/SecurityFoundation
0x00007fff2acf0000 	/usr/lib/libutil.dylib
0x00007fff22add000 	/System/Library/PrivateFrameworks/CoreServicesStore.framework/Versions/A/CoreServicesStore
0x00007fff29cf2000 	/System/Library/Frameworks/ServiceManagement.framework/Versions/A/ServiceManagement
0x00007fff2acf4000 	/usr/lib/libxslt.1.dylib
0x00007fff29ce8000 	/System/Library/PrivateFrameworks/BackgroundTaskManagement.framework/Versions/A/BackgroundTaskManagement
0x00007fff2bce9000 	/System/Library/Frameworks/ImageIO.framework/Versions/A/Resources/libRadiance.dylib
0x00007fff2bcf3000 	/System/Library/Frameworks/ImageIO.framework/Versions/A/Resources/libJPEG.dylib
0x00007fff2bc3e000 	/System/Library/Frameworks/ImageIO.framework/Versions/A/Resources/libPng.dylib
0x00007fff2bc65000 	/System/Library/Frameworks/ImageIO.framework/Versions/A/Resources/libTIFF.dylib
0x00007fff2bd48000 	/System/Library/Frameworks/ImageIO.framework/Versions/A/Resources/libGIF.dylib
0x00007fff2b9a1000 	/System/Library/Frameworks/ImageIO.framework/Versions/A/Resources/libJP2.dylib
0x00007fff2b08b000 	/usr/lib/libexpat.1.dylib
0x00007fff2b956000 	/System/Library/PrivateFrameworks/AppleJPEG.framework/Versions/A/AppleJPEG
0x00007fff28537000 	/System/Library/PrivateFrameworks/FontServices.framework/libFontParser.dylib
0x00007fff261c5000 	/System/Library/PrivateFrameworks/RunningBoardServices.framework/Versions/A/RunningBoardServices
0x00007fff2ba80000 	/System/Library/PrivateFrameworks/WatchdogClient.framework/Versions/A/WatchdogClient
0x00007fff215bc000 	/System/Library/Frameworks/CoreDisplay.framework/Versions/A/CoreDisplay
0x00007fff2844d000 	/System/Library/Frameworks/CoreMedia.framework/Versions/A/CoreMedia
0x00007fff272ad000 	/System/Library/Frameworks/CoreVideo.framework/Versions/A/CoreVideo
0x00007fff2bab8000 	/System/Library/Frameworks/VideoToolbox.framework/Versions/A/VideoToolbox
0x00007fff26143000 	/System/Library/PrivateFrameworks/BaseBoard.framework/Versions/A/BaseBoard
0x00007fff2b1d0000 	/System/Library/PrivateFrameworks/PersistentConnection.framework/Versions/A/PersistentConnection
0x00007fff25ed6000 	/System/Library/PrivateFrameworks/ProtocolBuffer.framework/Versions/A/ProtocolBuffer
0x00007fff2612a000 	/System/Library/PrivateFrameworks/CommonUtilities.framework/Versions/A/CommonUtilities
0x00007fff2b8eb000 	/System/Library/PrivateFrameworks/Bom.framework/Versions/A/Bom
0x00007fff2bce2000 	/System/Library/PrivateFrameworks/GPUWrangler.framework/Versions/A/GPUWrangler
0x00007fff2bcc5000 	/System/Library/PrivateFrameworks/IOPresentment.framework/Versions/A/IOPresentment
0x00007fff2bced000 	/System/Library/PrivateFrameworks/DSExternalDisplay.framework/Versions/A/DSExternalDisplay
0x00007fff2bd4d000 	/System/Library/PrivateFrameworks/CMCaptureCore.framework/Versions/A/CMCaptureCore
0x00007fff2b670000 	/System/Library/PrivateFrameworks/AppServerSupport.framework/Versions/A/AppServerSupport
0x00007fff2d721000 	/System/Library/PrivateFrameworks/perfdata.framework/Versions/A/perfdata
0x00007fff29c4a000 	/System/Library/PrivateFrameworks/AssertionServices.framework/Versions/A/AssertionServices
0x00007fff216f3000 	/System/Library/PrivateFrameworks/AudioToolboxCore.framework/Versions/A/AudioToolboxCore
0x00007fff28430000 	/System/Library/PrivateFrameworks/caulk.framework/Versions/A/caulk
0x00007fff3d3cc000 	/System/Library/PrivateFrameworks/SystemPolicy.framework/Versions/A/SystemPolicy
0x00007fff2ae80000 	/usr/lib/libIOReport.dylib
0x00007fff2cf43000 	/usr/lib/libSMC.dylib
0x00007fff2bc0b000 	/usr/lib/libAudioToolboxUtility.dylib
0x00007fff3dd36000 	/usr/lib/libmis.dylib
0x00007fff6c8f1000 	/System/Library/Frameworks/OpenGL.framework/Versions/A/Libraries/libGLU.dylib
0x00007fff6c8b4000 	/System/Library/Frameworks/OpenGL.framework/Versions/A/Libraries/libGFXShared.dylib
0x00007fff6cac3000 	/System/Library/Frameworks/OpenGL.framework/Versions/A/Libraries/libGL.dylib
0x00007fff6c8bd000 	/System/Library/Frameworks/OpenGL.framework/Versions/A/Libraries/libGLImage.dylib
0x00007fff6c8b1000 	/System/Library/Frameworks/OpenGL.framework/Versions/A/Libraries/libCVMSPluginSupport.dylib
0x00007fff6c89c000 	/System/Library/Frameworks/OpenGL.framework/Versions/A/Libraries/libCoreVMClient.dylib
0x00007fff6df04000 	/System/Library/Frameworks/OpenCL.framework/Versions/A/OpenCL
0x00007fff2b1fa000 	/System/Library/PrivateFrameworks/GraphVisualizer.framework/Versions/A/GraphVisualizer
0x00007fff2b209000 	/System/Library/PrivateFrameworks/FaceCore.framework/Versions/A/FaceCore
0x00007fff2b625000 	/System/Library/PrivateFrameworks/OTSVG.framework/Versions/A/OTSVG
0x00007fff26ea4000 	/System/Library/Frameworks/ApplicationServices.framework/Versions/A/Frameworks/ATS.framework/Versions/A/Resources/libFontRegistry.dylib
0x00007fff2b677000 	/System/Library/PrivateFrameworks/FontServices.framework/libhvf.dylib
0x00007fff2b037000 	/System/Library/PrivateFrameworks/AppleVA.framework/Versions/A/AppleVA
0x00007fff2cd8c000 	/System/Library/Frameworks/ApplicationServices.framework/Versions/A/Frameworks/ATS.framework/Versions/A/ATS
0x00007fff2d09e000 	/System/Library/Frameworks/ApplicationServices.framework/Versions/A/Frameworks/ColorSyncLegacy.framework/Versions/A/ColorSyncLegacy
0x00007fff256b0000 	/System/Library/Frameworks/ApplicationServices.framework/Versions/A/Frameworks/HIServices.framework/Versions/A/HIServices
0x00007fff2d083000 	/System/Library/Frameworks/ApplicationServices.framework/Versions/A/Frameworks/LangAnalysis.framework/Versions/A/LangAnalysis
0x00007fff2bd57000 	/System/Library/Frameworks/ApplicationServices.framework/Versions/A/Frameworks/PrintCore.framework/Versions/A/PrintCore
0x00007fff2d0a6000 	/System/Library/Frameworks/ApplicationServices.framework/Versions/A/Frameworks/QD.framework/Versions/A/QD
0x00007fff2cd7c000 	/System/Library/Frameworks/ApplicationServices.framework/Versions/A/Frameworks/SpeechSynthesis.framework/Versions/A/SpeechSynthesis
0x00007fff2bd18000 	/System/Library/Frameworks/ApplicationServices.framework/Versions/A/Frameworks/ATSUI.framework/Versions/A/ATSUI
0x00007fff2d023000 	/usr/lib/libcups.2.dylib
0x00007fff2d093000 	/System/Library/PrivateFrameworks/NetAuth.framework/Versions/A/NetAuth
0x00007fff2d73d000 	/System/Library/Frameworks/Kerberos.framework/Versions/A/Kerberos
0x00007fff2d74d000 	/System/Library/Frameworks/GSS.framework/Versions/A/GSS
0x00007fff2cdf8000 	/usr/lib/libresolv.9.dylib
0x00007fff2b68c000 	/System/Library/PrivateFrameworks/Heimdal.framework/Versions/A/Heimdal
0x00007fff334d1000 	/System/Library/Frameworks/Kerberos.framework/Versions/A/Libraries/libHeimdalProxy.dylib
0x00007fff26296000 	/System/Library/Frameworks/Network.framework/Versions/A/Network
0x00007fff2b0a5000 	/usr/lib/libheimdal-asn1.dylib
0x00007fff2d79d000 	/System/Library/PrivateFrameworks/CommonAuth.framework/Versions/A/CommonAuth
0x00007fff272fa000 	/System/Library/PrivateFrameworks/login.framework/Versions/A/Frameworks/loginsupport.framework/Versions/A/loginsupport
0x00007fff2cd01000 	/System/Library/PrivateFrameworks/AudioSession.framework/Versions/A/AudioSession
0x00007fff2cd69000 	/usr/lib/libAudioStatistics.dylib
0x00007fff2b132000 	/System/Library/PrivateFrameworks/MediaExperience.framework/Versions/A/MediaExperience
0x00007fff2cb9e000 	/System/Library/PrivateFrameworks/AudioSession.framework/libSessionUtility.dylib
0x00007fff2d72e000 	/usr/lib/libperfcheck.dylib
0x00007fff2d0b2000 	/System/Library/PrivateFrameworks/AudioResourceArbitration.framework/Versions/A/AudioResourceArbitration
0x00007fff2b0af000 	/System/Library/PrivateFrameworks/IconFoundation.framework/Versions/A/IconFoundation
0x00007fff2fbdb000 	/System/Library/PrivateFrameworks/SpeechRecognitionCore.framework/Versions/A/SpeechRecognitionCore
0x0000000101977000 	/Library/Java/JavaVirtualMachines/adoptopenjdk-11.jdk/Contents/Home/lib/server/libjvm.dylib
0x0000000102752000 	/Library/Java/JavaVirtualMachines/adoptopenjdk-11.jdk/Contents/Home/lib/libverify.dylib
0x0000000102763000 	/Library/Java/JavaVirtualMachines/adoptopenjdk-11.jdk/Contents/Home/lib/libjava.dylib
0x0000000102790000 	/Library/Java/JavaVirtualMachines/adoptopenjdk-11.jdk/Contents/Home/lib/libjimage.dylib
0x00000001027e6000 	/Library/Java/JavaVirtualMachines/adoptopenjdk-11.jdk/Contents/Home/lib/libzip.dylib
0x0000000106afe000 	/Library/Java/JavaVirtualMachines/adoptopenjdk-11.jdk/Contents/Home/lib/libnio.dylib
0x0000000106b11000 	/Library/Java/JavaVirtualMachines/adoptopenjdk-11.jdk/Contents/Home/lib/libnet.dylib
0x0000000106b2a000 	/Users/hoefel/.javacpp/cache/javacpp-1.5.4-macosx-x86_64.jar/org/bytedeco/javacpp/macosx-x86_64/libjnijavacpp.dylib
0x000000012eaaa000 	/Users/hoefel/.javacpp/cache/llvm-10.0.1-1.5.4-macosx-x86_64.jar/org/bytedeco/llvm/macosx-x86_64/libLLVM.dylib
0x00007fff57e9c000 	/usr/lib/libedit.3.dylib
0x00007fff414d2000 	/usr/lib/libncurses.5.4.dylib
0x0000000106b36000 	/Users/hoefel/.javacpp/cache/llvm-10.0.1-1.5.4-macosx-x86_64.jar/org/bytedeco/llvm/macosx-x86_64/libLTO.dylib
0x0000000106b64000 	/Users/hoefel/.javacpp/cache/llvm-10.0.1-1.5.4-macosx-x86_64.jar/org/bytedeco/llvm/macosx-x86_64/libRemarks.dylib
0x0000000106b67000 	/Users/hoefel/.javacpp/cache/llvm-10.0.1-1.5.4-macosx-x86_64.jar/org/bytedeco/llvm/macosx-x86_64/libjniLLVM.dylib


VM Arguments:
jvm_args: -Dfile.encoding=UTF-8 
java_command: com.github.ahhoefel.llvm.HelloWorldLLVM
java_class_path (initial): /Users/hoefel/dev/parser2/target/classes:/Users/hoefel/.m2/repository/org/bytedeco/llvm-platform/10.0.1-1.5.4/llvm-platform-10.0.1-1.5.4.jar:/Users/hoefel/.m2/repository/org/bytedeco/javacpp-platform/1.5.4/javacpp-platform-1.5.4.jar:/Users/hoefel/.m2/repository/org/bytedeco/javacpp/1.5.4/javacpp-1.5.4.jar:/Users/hoefel/.m2/repository/org/bytedeco/javacpp/1.5.4/javacpp-1.5.4-android-arm.jar:/Users/hoefel/.m2/repository/org/bytedeco/javacpp/1.5.4/javacpp-1.5.4-android-arm64.jar:/Users/hoefel/.m2/repository/org/bytedeco/javacpp/1.5.4/javacpp-1.5.4-android-x86.jar:/Users/hoefel/.m2/repository/org/bytedeco/javacpp/1.5.4/javacpp-1.5.4-android-x86_64.jar:/Users/hoefel/.m2/repository/org/bytedeco/javacpp/1.5.4/javacpp-1.5.4-ios-arm64.jar:/Users/hoefel/.m2/repository/org/bytedeco/javacpp/1.5.4/javacpp-1.5.4-ios-x86_64.jar:/Users/hoefel/.m2/repository/org/bytedeco/javacpp/1.5.4/javacpp-1.5.4-linux-armhf.jar:/Users/hoefel/.m2/repository/org/bytedeco/javacpp/1.5.4/javacpp-1.5.4-linux-arm64.jar:/Users/hoefel/.m2/repository/org/bytedeco/javacpp/1.5.4/javacpp-1.5.4-linux-ppc64le.jar:/Users/hoefel/.m2/repository/org/bytedeco/javacpp/1.5.4/javacpp-1.5.4-linux-x86.jar:/Users/hoefel/.m2/repository/org/bytedeco/javacpp/1.5.4/javacpp-1.5.4-linux-x86_64.jar:/Users/hoefel/.m2/repository/org/bytedeco/javacpp/1.5.4/javacpp-1.5.4-macosx-x86_64.jar:/Users/hoefel/.m2/repository/org/bytedeco/javacpp/1.5.4/javacpp-1.5.4-windows-x86.jar:/Users/hoefel/.m2/repository/org/bytedeco/javacpp/1.5.4/javacpp-1.5.4-windows-x86_64.jar:/Users/hoefel/.m2/repository/org/bytedeco/llvm/10.0.1-1.5.4/llvm-10.0.1-1.5.4.jar:/Users/hoefel/.m2/repository/org/bytedeco/llvm/10.0.1-1.5.4/llvm-10.0.1-1.5.4-linux-x86.jar:/Users/hoefel/.m2/repository/org/bytedeco/llvm/10.0.1-1.5.4/llvm-10.0.1-1.5.4-linux-x86_64.jar:/Users/hoefel/.m2/repository/org/bytedeco/llvm/10.0.1-1.5.4/llvm-10.0.1-1.5.4-linux-armhf.jar:/Users/hoefel/.m2/repository/org/bytedeco/llvm/10.0.1-1.5.4/llvm-10.0.1-1.5.4-linux-arm64
Launcher Type: SUN_STANDARD

[Global flags]
     intx CICompilerCount                          = 4                                         {product} {ergonomic}
     uint ConcGCThreads                            = 3                                         {product} {ergonomic}
     uint G1ConcRefinementThreads                  = 10                                        {product} {ergonomic}
   size_t G1HeapRegionSize                         = 1048576                                   {product} {ergonomic}
    uintx GCDrainStackTargetSize                   = 64                                        {product} {ergonomic}
   size_t InitialHeapSize                          = 268435456                                 {product} {ergonomic}
   size_t MarkStackSize                            = 4194304                                   {product} {ergonomic}
   size_t MaxHeapSize                              = 4294967296                                {product} {ergonomic}
   size_t MaxNewSize                               = 2576351232                                {product} {ergonomic}
   size_t MinHeapDeltaBytes                        = 1048576                                   {product} {ergonomic}
    uintx NonNMethodCodeHeapSize                   = 5836300                                {pd product} {ergonomic}
    uintx NonProfiledCodeHeapSize                  = 122910970                              {pd product} {ergonomic}
    uintx ProfiledCodeHeapSize                     = 122910970                              {pd product} {ergonomic}
    uintx ReservedCodeCacheSize                    = 251658240                              {pd product} {ergonomic}
     bool SegmentedCodeCache                       = true                                      {product} {ergonomic}
     bool UseCompressedClassPointers               = true                                 {lp64_product} {ergonomic}
     bool UseCompressedOops                        = true                                 {lp64_product} {ergonomic}
     bool UseG1GC                                  = true                                      {product} {ergonomic}

Logging:
Log output configuration:
 #0: stdout all=warning uptime,level,tags
 #1: stderr all=off uptime,level,tags

Environment Variables:
PATH=/usr/local/bin:/usr/bin:/bin:/usr/sbin:/sbin
SHELL=/bin/bash
LANG=en_US.UTF-8

Signal Handlers:
SIGSEGV: [libjvm.dylib+0x7b8c82], sa_mask[0]=11111111011111110111111111111111, sa_flags=SA_ONSTACK|SA_RESTART|SA_SIGINFO
SIGBUS: [libjvm.dylib+0x7b8c82], sa_mask[0]=11111111011111110111111111111111, sa_flags=SA_RESTART|SA_SIGINFO
SIGFPE: [libjvm.dylib+0x7b8c82], sa_mask[0]=11111111011111110111111111111111, sa_flags=SA_RESTART|SA_SIGINFO
SIGPIPE: [libjvm.dylib+0x61f47b], sa_mask[0]=11111111011111110111111111111111, sa_flags=SA_RESTART|SA_SIGINFO
SIGXFSZ: [libjvm.dylib+0x61f47b], sa_mask[0]=11111111011111110111111111111111, sa_flags=SA_RESTART|SA_SIGINFO
SIGILL: [libjvm.dylib+0x7b8c82], sa_mask[0]=11111111011111110111111111111111, sa_flags=SA_RESTART|SA_SIGINFO
SIGUSR2: [libjvm.dylib+0x61fa63], sa_mask[0]=00000000000000000000000000000000, sa_flags=SA_RESTART|SA_SIGINFO
SIGHUP: [libjvm.dylib+0x61e5a9], sa_mask[0]=11111111011111110111111111111111, sa_flags=SA_RESTART|SA_SIGINFO
SIGINT: [libjvm.dylib+0x61e5a9], sa_mask[0]=11111111011111110111111111111111, sa_flags=SA_RESTART|SA_SIGINFO
SIGTERM: [libjvm.dylib+0x61e5a9], sa_mask[0]=11111111011111110111111111111111, sa_flags=SA_RESTART|SA_SIGINFO
SIGQUIT: [libjvm.dylib+0x61e5a9], sa_mask[0]=11111111011111110111111111111111, sa_flags=SA_RESTART|SA_SIGINFO


---------------  S Y S T E M  ---------------

OS:uname:Darwin 20.3.0 Darwin Kernel Version 20.3.0: Thu Jan 21 00:07:06 PST 2021; root:xnu-7195.81.3~1/RELEASE_X86_64 x86_64
OS uptime: 16 days 12:06 hours
rlimit (soft/hard): STACK 8192k/65532k , CORE 0k/infinity , NPROC 2784/4176 , NOFILE 10240/infinity , AS infinity/infinity , CPU infinity/infinity , DATA infinity/infinity , FSIZE infinity/infinity , MEMLOCK infinity/infinity , RSS infinity/infinity
load average:2.66 2.10 2.06

CPU:total 12 (initial active 12) (6 cores per cpu, 2 threads per core) family 6 model 158 stepping 10, cmov, cx8, fxsr, mmx, sse, sse2, sse3, ssse3, sse4.1, sse4.2, popcnt, avx, avx2, aes, clmul, erms, 3dnowpref, lzcnt, ht, tsc, tscinvbit, bmi1, bmi2, adx, fma

Memory: 4k page, physical 16777216k(1936112k free), swap 2097152k(1426176k free)

vm_info: OpenJDK 64-Bit Server VM (11.0.9.1+1) for bsd-amd64 JRE (11.0.9.1+1), built on Nov 10 2020 15:24:42 by "jenkins" with gcc 4.2.1 Compatible Apple LLVM 10.0.1 (clang-1001.0.46.4)

END.
